-----------------------------------------------------------------------------------------------
------------------------------------- Model 1 --------------------------------------------------
-----------------------------------------------------------------------------------------------
Weights: /home/axelle/Documents/Doctorat/WP1/WP1/weights_folder/resnet/model2/last_epoch
Indexing
Model vit_small 16x16 built.
Model vit_base 16x16 built.
Error with the loading of the model's weights:  [Errno 2] No such file or directory: '/home/axelle/Documents/Doctorat/WP1/WP1/weights_folder/resnet/model2/last_epoch'
Exiting...
all
Model vit_small 16x16 built.
Model vit_base 16x16 built.
Error with the loading of the model's weights:  [Errno 2] No such file or directory: '/home/axelle/Documents/Doctorat/WP1/WP1/weights_folder/resnet/model2/last_epoch'
Exiting...
-----------------------------------------------------------------------------------------------
------------------------------------- Model 2 --------------------------------------------------
-----------------------------------------------------------------------------------------------
Weights: /home/axelle/Documents/Doctorat/WP1/WP1/weights_folder/deit/model5/last_epoch
Indexing
Model vit_small 16x16 built.
Model vit_base 16x16 built.
all
-----------------------------------------------------------------------------------------------
------------------------------------- Model 1 --------------------------------------------------
-----------------------------------------------------------------------------------------------
Weights: /home/axelle/Documents/Doctorat/WP1/WP1/weights_folder/resnet/model2/last_epoch
Indexing
Model vit_small 16x16 built.
Model vit_base 16x16 built.
Time of the model: 2.3886477947235107
Time of the transfer: 143.1935110092163
Time of the indexing: 4.819888591766357
T_indexing = 156.34771180152893
all
Model vit_small 16x16 built.
Model vit_base 16x16 built.
top-1 accuracy :  0.7678203071281229
top-5 accuracy :  0.8943101077240431
maj accuracy class :  0.7854114141645656
t_tot: 496.7880754470825
t_model: 168.9275050163269
t_transfer: 2.224853992462158
t_search: 313.32060408592224
-----------------------------------------------------------------------------------------------
------------------------------------- Model 2 --------------------------------------------------
-----------------------------------------------------------------------------------------------
Weights: /home/axelle/Documents/Doctorat/WP1/WP1/weights_folder/deit/model5/last_epoch
Indexing
Model vit_small 16x16 built.
Model vit_base 16x16 built.
Time of the model: 2.576117753982544
Time of the transfer: 346.26085686683655
Time of the indexing: 4.845634937286377
T_indexing = 359.74571084976196
all
Model vit_small 16x16 built.
Model vit_base 16x16 built.
top-1 accuracy :  0.6860818244327298
top-5 accuracy :  0.8660325464130185
maj accuracy class :  0.7097180838872336
t_tot: 538.2984545230865
t_model: 169.45509886741638
t_transfer: 54.00758099555969
t_search: 302.76696848869324
-----------------------------------------------------------------------------------------------
------------------------------------- Model 3 --------------------------------------------------
-----------------------------------------------------------------------------------------------
Weights: /home/axelle/Documents/Doctorat/WP1/WP1/weights_folder/Dino/model11/pretrained_vit_small_checkpoint.pth
Indexing
Model vit_small 16x16 built.
Model vit_base 16x16 built.
Pretrained weights found at /home/axelle/Documents/Doctorat/WP1/WP1/weights_folder/Dino/model11/pretrained_vit_small_checkpoint.pth and loaded with msg: <All keys matched successfully>
Time of the model: 1.885134220123291
Time of the transfer: 125.18572092056274
Time of the indexing: 5.070266008377075
T_indexing = 138.2849144935608
all
Model vit_small 16x16 built.
Model vit_base 16x16 built.
Pretrained weights found at /home/axelle/Documents/Doctorat/WP1/WP1/weights_folder/Dino/model11/pretrained_vit_small_checkpoint.pth and loaded with msg: <All keys matched successfully>
top-1 accuracy :  0.7031572312628925
top-5 accuracy :  0.8544292917717167
maj accuracy class :  0.7206050882420353
t_tot: 839.520770072937
t_model: 120.13542079925537
t_transfer: 4.521952152252197
t_search: 703.4945087432861
-----------------------------------------------------------------------------------------------
------------------------------------- Model 4 --------------------------------------------------
-----------------------------------------------------------------------------------------------
Weights: /home/axelle/Documents/Doctorat/WP1/WP1/weights_folder/Dino/model12/checkpoint0099_scratch.pth
Indexing
Model vit_small 16x16 built.
Model vit_base 16x16 built.
Pretrained weights found at /home/axelle/Documents/Doctorat/WP1/WP1/weights_folder/Dino/model12/checkpoint0099_scratch.pth and loaded with msg: <All keys matched successfully>
Time of the model: 1.9652020931243896
Time of the transfer: 124.8188054561615
Time of the indexing: 4.8622307777404785
T_indexing = 137.785240650177
all
Model vit_small 16x16 built.
Model vit_base 16x16 built.
Pretrained weights found at /home/axelle/Documents/Doctorat/WP1/WP1/weights_folder/Dino/model12/checkpoint0099_scratch.pth and loaded with msg: <All keys matched successfully>
top-1 accuracy :  0.7801684620673849
top-5 accuracy :  0.8925338070135228
maj accuracy class :  0.7980747192298877
t_tot: 754.7495222091675
t_model: 96.94592928886414
t_transfer: 7.872822046279907
t_search: 640.5620265007019
-----------------------------------------------------------------------------------------------
------------------------------------- Model 5 --------------------------------------------------
-----------------------------------------------------------------------------------------------
Weights: /home/axelle/Documents/Doctorat/WP1/WP1/weights_folder/Dino/model13/checkpoint0099_pretrained.pth
Indexing
Model vit_small 16x16 built.
Model vit_base 16x16 built.
Pretrained weights found at /home/axelle/Documents/Doctorat/WP1/WP1/weights_folder/Dino/model13/checkpoint0099_pretrained.pth and loaded with msg: <All keys matched successfully>
Time of the model: 1.866835355758667
Time of the transfer: 124.72672867774963
Time of the indexing: 4.7943854331970215
T_indexing = 137.36167931556702
all
Model vit_small 16x16 built.
Model vit_base 16x16 built.
Pretrained weights found at /home/axelle/Documents/Doctorat/WP1/WP1/weights_folder/Dino/model13/checkpoint0099_pretrained.pth and loaded with msg: <All keys matched successfully>
top-1 accuracy :  0.769080907632363
top-5 accuracy :  0.8854286041714416
maj accuracy class :  0.7909981663992666
t_tot: 814.8951752185822
t_model: 112.48004341125488
t_transfer: 5.963139057159424
t_search: 685.6923868656158
-----------------------------------------------------------------------------------------------
------------------------------------- Model 6 --------------------------------------------------
-----------------------------------------------------------------------------------------------
Weights: /home/axelle/Documents/Doctorat/WP1/WP1/weights_folder/byol_light/model15/epoch=67-step=112132.ckpt
Indexing
Model vit_small 16x16 built.
Model vit_base 16x16 built.
all
Model vit_small 16x16 built.
Model vit_base 16x16 built.
-----------------------------------------------------------------------------------------------
------------------------------------- Model 7 --------------------------------------------------
-----------------------------------------------------------------------------------------------
Weights: /home/axelle/Documents/Doctorat/WP1/WP1/weights_folder/byol_light/model18/epoch=45-step=75854.ckpt
Indexing
Model vit_small 16x16 built.
Model vit_base 16x16 built.
all
Model vit_small 16x16 built.
Model vit_base 16x16 built.
-----------------------------------------------------------------------------------------------
------------------------------------- Model 8 --------------------------------------------------
-----------------------------------------------------------------------------------------------
Weights: /home/axelle/Documents/Doctorat/WP1/WP1/weights_folder/byol_light/model19/epoch=99-step=500400.ckpt
Indexing
Model vit_small 16x16 built.
Model vit_base 16x16 built.
Time of the model: 2.4311587810516357
Time of the transfer: 143.42465019226074
Time of the indexing: 4.905700445175171
T_indexing = 156.7304527759552
all
Model vit_small 16x16 built.
Model vit_base 16x16 built.
top-1 accuracy :  0.6635915654366262
top-5 accuracy :  0.8864886545954619
maj accuracy class :  0.6949633279853312
t_tot: 565.6728780269623
t_model: 102.39972496032715
t_transfer: 7.406658411026001
t_search: 445.0191922187805
-----------------------------------------------------------------------------------------------
------------------------------------- Model 9 --------------------------------------------------
-----------------------------------------------------------------------------------------------
Weights: /home/axelle/Documents/Doctorat/WP1/WP1/weights_folder/retccl/model24/ret_pretrained.pth
Indexing
Model vit_small 16x16 built.
Model vit_base 16x16 built.
all
Model vit_small 16x16 built.
Model vit_base 16x16 built.
-----------------------------------------------------------------------------------------------
------------------------------------- Model 10 --------------------------------------------------
-----------------------------------------------------------------------------------------------
Weights: /home/axelle/Documents/Doctorat/WP1/WP1/weights_folder/ibot/model27/checkpoint_teacher.pth
Indexing
Model vit_small 16x16 built.
Model vit_base 16x16 built.
Since no pretrained weights have been provided, we load the reference pretrained DINO weights.
Time of the model: 1.9329347610473633
Time of the transfer: 124.7687451839447
Time of the indexing: 4.846883773803711
T_indexing = 137.50032877922058
all
Model vit_small 16x16 built.
Model vit_base 16x16 built.
Since no pretrained weights have been provided, we load the reference pretrained DINO weights.
top-1 accuracy :  0.7224386889754756
top-5 accuracy :  0.87517190006876
maj accuracy class :  0.7409752463900986
t_tot: 807.694390296936
t_model: 109.01303553581238
t_transfer: 6.324944257736206
t_search: 675.8737790584564
-----------------------------------------------------------------------------------------------
------------------------------------- Model 11 --------------------------------------------------
-----------------------------------------------------------------------------------------------
Weights: /home/axelle/Documents/Doctorat/WP1/WP1/weights_folder/ibot/model30/checkpoint_new.pth
Indexing
Model vit_small 16x16 built.
Model vit_base 16x16 built.
Since no pretrained weights have been provided, we load the reference pretrained DINO weights.
Time of the model: 1.8255276679992676
Time of the transfer: 124.73583269119263
Time of the indexing: 4.789842367172241
T_indexing = 137.70623207092285
all
Model vit_small 16x16 built.
Model vit_base 16x16 built.
Since no pretrained weights have been provided, we load the reference pretrained DINO weights.
top-1 accuracy :  0.7224386889754756
top-5 accuracy :  0.87517190006876
maj accuracy class :  0.7409752463900986
t_tot: 722.2421250343323
t_model: 86.90700888633728
t_transfer: 9.950891733169556
t_search: 616.8069257736206
-----------------------------------------------------------------------------------------------
------------------------------------- Model 12 --------------------------------------------------
-----------------------------------------------------------------------------------------------
Weights: /home/axelle/Documents/Doctorat/WP1/WP1/weights_folder/ibot/model31/checkpoint24.pth
Indexing
Model vit_small 16x16 built.
Model vit_base 16x16 built.
Since no pretrained weights have been provided, we load the reference pretrained DINO weights.
Time of the model: 1.8475031852722168
Time of the transfer: 124.76903653144836
Time of the indexing: 4.86060905456543
T_indexing = 137.3644917011261
all
Model vit_small 16x16 built.
Model vit_base 16x16 built.
Since no pretrained weights have been provided, we load the reference pretrained DINO weights.
top-1 accuracy :  0.7224386889754756
top-5 accuracy :  0.87517190006876
maj accuracy class :  0.7409752463900986
t_tot: 772.4772534370422
t_model: 101.04775023460388
t_transfer: 7.150990009307861
t_search: 654.3459949493408
-----------------------------------------------------------------------------------------------
------------------------------------- Model 13 --------------------------------------------------
-----------------------------------------------------------------------------------------------
Weights: /home/axelle/Documents/Doctorat/WP1/WP1/weights_folder/ctranspath/model29/ctranspath.pth
Indexing
Model vit_small 16x16 built.
Model vit_base 16x16 built.
Time of the model: 3.4205214977264404
Time of the transfer: 186.9495177268982
Time of the indexing: 5.1978490352630615
T_indexing = 201.8409285545349
all
Model vit_small 16x16 built.
Model vit_base 16x16 built.
-----------------------------------------------------------------------------------------------
------------------------------------- Model 14 --------------------------------------------------
-----------------------------------------------------------------------------------------------
Weights: /home/axelle/Documents/Doctorat/WP1/WP1/weights_folder/uni/model32/placeholder.txt
Indexing
Model vit_small 16x16 built.
Model vit_base 16x16 built.
all
Model vit_small 16x16 built.
Model vit_base 16x16 built.
