-----------------------------------------------------------------------------------------------
------------------------------------- Model 10 --------------------------------------------------
-----------------------------------------------------------------------------------------------
Weights: /home/axelle/Documents/Doctorat/WP1/WP1/weights_folder/ibot/model27/checkpoint_teacher.pth
Indexing
Model vit_small 16x16 built.
Model vit_base 16x16 built.
all
Model vit_small 16x16 built.
Model vit_base 16x16 built.
-----------------------------------------------------------------------------------------------
------------------------------------- Model 11 --------------------------------------------------
-----------------------------------------------------------------------------------------------
Weights: /home/axelle/Documents/Doctorat/WP1/WP1/weights_folder/ibot/model30/checkpoint_new.pth
Indexing
Model vit_small 16x16 built.
Model vit_base 16x16 built.
all
Model vit_small 16x16 built.
Model vit_base 16x16 built.
-----------------------------------------------------------------------------------------------
------------------------------------- Model 12 --------------------------------------------------
-----------------------------------------------------------------------------------------------
Weights: /home/axelle/Documents/Doctorat/WP1/WP1/weights_folder/ibot/model31/checkpoint24.pth
Indexing
Model vit_small 16x16 built.
Model vit_base 16x16 built.
all
Model vit_small 16x16 built.
Model vit_base 16x16 built.
-----------------------------------------------------------------------------------------------
------------------------------------- Model 13 --------------------------------------------------
-----------------------------------------------------------------------------------------------
Weights: /home/axelle/Documents/Doctorat/WP1/WP1/weights_folder/ctranspath/model29/ctranspath.pth
Indexing
Model vit_small 16x16 built.
Model vit_base 16x16 built.
all
Model vit_small 16x16 built.
Model vit_base 16x16 built.
-----------------------------------------------------------------------------------------------
------------------------------------- Model 10 --------------------------------------------------
-----------------------------------------------------------------------------------------------
Weights: /home/axelle/Documents/Doctorat/WP1/WP1/weights_folder/ibot/model27/checkpoint_teacher.pth
Indexing
Model vit_small 16x16 built.
Model vit_base 16x16 built.
/home/axelle/Documents/Doctorat/WP1/WP1/weights_folder/ibot/model27/checkpoint_teacher.pth
Since no pretrained weights have been provided, we load the reference pretrained DINO weights.
-----------------------------------------------------------------------------------------------
------------------------------------- Model 10 --------------------------------------------------
-----------------------------------------------------------------------------------------------
Weights: /home/axelle/Documents/Doctorat/WP1/WP1/weights_folder/ibot/model27/checkpoint_teacher.pth
Indexing
Model vit_small 16x16 built.
Model vit_base 16x16 built.
/home/axelle/Documents/Doctorat/WP1/WP1/weights_folder/ibot/model27/checkpoint_teacher.pth
False
Since no pretrained weights have been provided, we load the reference pretrained DINO weights.
-----------------------------------------------------------------------------------------------
------------------------------------- Model 10 --------------------------------------------------
-----------------------------------------------------------------------------------------------
Weights: /home/axelle/Documents/Doctorat/WP1/WP1/weights_folder/ibot/model27/checkpoint_teacher.pth
Indexing
Model vit_small 16x16 built.
Model vit_base 16x16 built.
/home/axelle/Documents/Doctorat/WP1/WP1/weights_folder/ibot/model27/checkpoint_teacher.pth
True
Pretrained weights found at /home/axelle/Documents/Doctorat/WP1/WP1/weights_folder/ibot/model27/checkpoint_teacher.pth and loaded with msg: _IncompatibleKeys(missing_keys=['cls_token', 'pos_embed', 'patch_embed.proj.weight', 'patch_embed.proj.bias', 'blocks.0.norm1.weight', 'blocks.0.norm1.bias', 'blocks.0.attn.qkv.weight', 'blocks.0.attn.qkv.bias', 'blocks.0.attn.proj.weight', 'blocks.0.attn.proj.bias', 'blocks.0.norm2.weight', 'blocks.0.norm2.bias', 'blocks.0.mlp.fc1.weight', 'blocks.0.mlp.fc1.bias', 'blocks.0.mlp.fc2.weight', 'blocks.0.mlp.fc2.bias', 'blocks.1.norm1.weight', 'blocks.1.norm1.bias', 'blocks.1.attn.qkv.weight', 'blocks.1.attn.qkv.bias', 'blocks.1.attn.proj.weight', 'blocks.1.attn.proj.bias', 'blocks.1.norm2.weight', 'blocks.1.norm2.bias', 'blocks.1.mlp.fc1.weight', 'blocks.1.mlp.fc1.bias', 'blocks.1.mlp.fc2.weight', 'blocks.1.mlp.fc2.bias', 'blocks.2.norm1.weight', 'blocks.2.norm1.bias', 'blocks.2.attn.qkv.weight', 'blocks.2.attn.qkv.bias', 'blocks.2.attn.proj.weight', 'blocks.2.attn.proj.bias', 'blocks.2.norm2.weight', 'blocks.2.norm2.bias', 'blocks.2.mlp.fc1.weight', 'blocks.2.mlp.fc1.bias', 'blocks.2.mlp.fc2.weight', 'blocks.2.mlp.fc2.bias', 'blocks.3.norm1.weight', 'blocks.3.norm1.bias', 'blocks.3.attn.qkv.weight', 'blocks.3.attn.qkv.bias', 'blocks.3.attn.proj.weight', 'blocks.3.attn.proj.bias', 'blocks.3.norm2.weight', 'blocks.3.norm2.bias', 'blocks.3.mlp.fc1.weight', 'blocks.3.mlp.fc1.bias', 'blocks.3.mlp.fc2.weight', 'blocks.3.mlp.fc2.bias', 'blocks.4.norm1.weight', 'blocks.4.norm1.bias', 'blocks.4.attn.qkv.weight', 'blocks.4.attn.qkv.bias', 'blocks.4.attn.proj.weight', 'blocks.4.attn.proj.bias', 'blocks.4.norm2.weight', 'blocks.4.norm2.bias', 'blocks.4.mlp.fc1.weight', 'blocks.4.mlp.fc1.bias', 'blocks.4.mlp.fc2.weight', 'blocks.4.mlp.fc2.bias', 'blocks.5.norm1.weight', 'blocks.5.norm1.bias', 'blocks.5.attn.qkv.weight', 'blocks.5.attn.qkv.bias', 'blocks.5.attn.proj.weight', 'blocks.5.attn.proj.bias', 'blocks.5.norm2.weight', 'blocks.5.norm2.bias', 'blocks.5.mlp.fc1.weight', 'blocks.5.mlp.fc1.bias', 'blocks.5.mlp.fc2.weight', 'blocks.5.mlp.fc2.bias', 'blocks.6.norm1.weight', 'blocks.6.norm1.bias', 'blocks.6.attn.qkv.weight', 'blocks.6.attn.qkv.bias', 'blocks.6.attn.proj.weight', 'blocks.6.attn.proj.bias', 'blocks.6.norm2.weight', 'blocks.6.norm2.bias', 'blocks.6.mlp.fc1.weight', 'blocks.6.mlp.fc1.bias', 'blocks.6.mlp.fc2.weight', 'blocks.6.mlp.fc2.bias', 'blocks.7.norm1.weight', 'blocks.7.norm1.bias', 'blocks.7.attn.qkv.weight', 'blocks.7.attn.qkv.bias', 'blocks.7.attn.proj.weight', 'blocks.7.attn.proj.bias', 'blocks.7.norm2.weight', 'blocks.7.norm2.bias', 'blocks.7.mlp.fc1.weight', 'blocks.7.mlp.fc1.bias', 'blocks.7.mlp.fc2.weight', 'blocks.7.mlp.fc2.bias', 'blocks.8.norm1.weight', 'blocks.8.norm1.bias', 'blocks.8.attn.qkv.weight', 'blocks.8.attn.qkv.bias', 'blocks.8.attn.proj.weight', 'blocks.8.attn.proj.bias', 'blocks.8.norm2.weight', 'blocks.8.norm2.bias', 'blocks.8.mlp.fc1.weight', 'blocks.8.mlp.fc1.bias', 'blocks.8.mlp.fc2.weight', 'blocks.8.mlp.fc2.bias', 'blocks.9.norm1.weight', 'blocks.9.norm1.bias', 'blocks.9.attn.qkv.weight', 'blocks.9.attn.qkv.bias', 'blocks.9.attn.proj.weight', 'blocks.9.attn.proj.bias', 'blocks.9.norm2.weight', 'blocks.9.norm2.bias', 'blocks.9.mlp.fc1.weight', 'blocks.9.mlp.fc1.bias', 'blocks.9.mlp.fc2.weight', 'blocks.9.mlp.fc2.bias', 'blocks.10.norm1.weight', 'blocks.10.norm1.bias', 'blocks.10.attn.qkv.weight', 'blocks.10.attn.qkv.bias', 'blocks.10.attn.proj.weight', 'blocks.10.attn.proj.bias', 'blocks.10.norm2.weight', 'blocks.10.norm2.bias', 'blocks.10.mlp.fc1.weight', 'blocks.10.mlp.fc1.bias', 'blocks.10.mlp.fc2.weight', 'blocks.10.mlp.fc2.bias', 'blocks.11.norm1.weight', 'blocks.11.norm1.bias', 'blocks.11.attn.qkv.weight', 'blocks.11.attn.qkv.bias', 'blocks.11.attn.proj.weight', 'blocks.11.attn.proj.bias', 'blocks.11.norm2.weight', 'blocks.11.norm2.bias', 'blocks.11.mlp.fc1.weight', 'blocks.11.mlp.fc1.bias', 'blocks.11.mlp.fc2.weight', 'blocks.11.mlp.fc2.bias', 'norm.weight', 'norm.bias'], unexpected_keys=['state_dict'])
Time of the model: 3.0637001991271973
Time of the transfer: 122.7487428188324
Time of the indexing: 8.505478620529175
T_indexing = 140.8945882320404
all
Model vit_small 16x16 built.
Model vit_base 16x16 built.
/home/axelle/Documents/Doctorat/WP1/WP1/weights_folder/ibot/model27/checkpoint_teacher.pth
True
Pretrained weights found at /home/axelle/Documents/Doctorat/WP1/WP1/weights_folder/ibot/model27/checkpoint_teacher.pth and loaded with msg: _IncompatibleKeys(missing_keys=['cls_token', 'pos_embed', 'patch_embed.proj.weight', 'patch_embed.proj.bias', 'blocks.0.norm1.weight', 'blocks.0.norm1.bias', 'blocks.0.attn.qkv.weight', 'blocks.0.attn.qkv.bias', 'blocks.0.attn.proj.weight', 'blocks.0.attn.proj.bias', 'blocks.0.norm2.weight', 'blocks.0.norm2.bias', 'blocks.0.mlp.fc1.weight', 'blocks.0.mlp.fc1.bias', 'blocks.0.mlp.fc2.weight', 'blocks.0.mlp.fc2.bias', 'blocks.1.norm1.weight', 'blocks.1.norm1.bias', 'blocks.1.attn.qkv.weight', 'blocks.1.attn.qkv.bias', 'blocks.1.attn.proj.weight', 'blocks.1.attn.proj.bias', 'blocks.1.norm2.weight', 'blocks.1.norm2.bias', 'blocks.1.mlp.fc1.weight', 'blocks.1.mlp.fc1.bias', 'blocks.1.mlp.fc2.weight', 'blocks.1.mlp.fc2.bias', 'blocks.2.norm1.weight', 'blocks.2.norm1.bias', 'blocks.2.attn.qkv.weight', 'blocks.2.attn.qkv.bias', 'blocks.2.attn.proj.weight', 'blocks.2.attn.proj.bias', 'blocks.2.norm2.weight', 'blocks.2.norm2.bias', 'blocks.2.mlp.fc1.weight', 'blocks.2.mlp.fc1.bias', 'blocks.2.mlp.fc2.weight', 'blocks.2.mlp.fc2.bias', 'blocks.3.norm1.weight', 'blocks.3.norm1.bias', 'blocks.3.attn.qkv.weight', 'blocks.3.attn.qkv.bias', 'blocks.3.attn.proj.weight', 'blocks.3.attn.proj.bias', 'blocks.3.norm2.weight', 'blocks.3.norm2.bias', 'blocks.3.mlp.fc1.weight', 'blocks.3.mlp.fc1.bias', 'blocks.3.mlp.fc2.weight', 'blocks.3.mlp.fc2.bias', 'blocks.4.norm1.weight', 'blocks.4.norm1.bias', 'blocks.4.attn.qkv.weight', 'blocks.4.attn.qkv.bias', 'blocks.4.attn.proj.weight', 'blocks.4.attn.proj.bias', 'blocks.4.norm2.weight', 'blocks.4.norm2.bias', 'blocks.4.mlp.fc1.weight', 'blocks.4.mlp.fc1.bias', 'blocks.4.mlp.fc2.weight', 'blocks.4.mlp.fc2.bias', 'blocks.5.norm1.weight', 'blocks.5.norm1.bias', 'blocks.5.attn.qkv.weight', 'blocks.5.attn.qkv.bias', 'blocks.5.attn.proj.weight', 'blocks.5.attn.proj.bias', 'blocks.5.norm2.weight', 'blocks.5.norm2.bias', 'blocks.5.mlp.fc1.weight', 'blocks.5.mlp.fc1.bias', 'blocks.5.mlp.fc2.weight', 'blocks.5.mlp.fc2.bias', 'blocks.6.norm1.weight', 'blocks.6.norm1.bias', 'blocks.6.attn.qkv.weight', 'blocks.6.attn.qkv.bias', 'blocks.6.attn.proj.weight', 'blocks.6.attn.proj.bias', 'blocks.6.norm2.weight', 'blocks.6.norm2.bias', 'blocks.6.mlp.fc1.weight', 'blocks.6.mlp.fc1.bias', 'blocks.6.mlp.fc2.weight', 'blocks.6.mlp.fc2.bias', 'blocks.7.norm1.weight', 'blocks.7.norm1.bias', 'blocks.7.attn.qkv.weight', 'blocks.7.attn.qkv.bias', 'blocks.7.attn.proj.weight', 'blocks.7.attn.proj.bias', 'blocks.7.norm2.weight', 'blocks.7.norm2.bias', 'blocks.7.mlp.fc1.weight', 'blocks.7.mlp.fc1.bias', 'blocks.7.mlp.fc2.weight', 'blocks.7.mlp.fc2.bias', 'blocks.8.norm1.weight', 'blocks.8.norm1.bias', 'blocks.8.attn.qkv.weight', 'blocks.8.attn.qkv.bias', 'blocks.8.attn.proj.weight', 'blocks.8.attn.proj.bias', 'blocks.8.norm2.weight', 'blocks.8.norm2.bias', 'blocks.8.mlp.fc1.weight', 'blocks.8.mlp.fc1.bias', 'blocks.8.mlp.fc2.weight', 'blocks.8.mlp.fc2.bias', 'blocks.9.norm1.weight', 'blocks.9.norm1.bias', 'blocks.9.attn.qkv.weight', 'blocks.9.attn.qkv.bias', 'blocks.9.attn.proj.weight', 'blocks.9.attn.proj.bias', 'blocks.9.norm2.weight', 'blocks.9.norm2.bias', 'blocks.9.mlp.fc1.weight', 'blocks.9.mlp.fc1.bias', 'blocks.9.mlp.fc2.weight', 'blocks.9.mlp.fc2.bias', 'blocks.10.norm1.weight', 'blocks.10.norm1.bias', 'blocks.10.attn.qkv.weight', 'blocks.10.attn.qkv.bias', 'blocks.10.attn.proj.weight', 'blocks.10.attn.proj.bias', 'blocks.10.norm2.weight', 'blocks.10.norm2.bias', 'blocks.10.mlp.fc1.weight', 'blocks.10.mlp.fc1.bias', 'blocks.10.mlp.fc2.weight', 'blocks.10.mlp.fc2.bias', 'blocks.11.norm1.weight', 'blocks.11.norm1.bias', 'blocks.11.attn.qkv.weight', 'blocks.11.attn.qkv.bias', 'blocks.11.attn.proj.weight', 'blocks.11.attn.proj.bias', 'blocks.11.norm2.weight', 'blocks.11.norm2.bias', 'blocks.11.mlp.fc1.weight', 'blocks.11.mlp.fc1.bias', 'blocks.11.mlp.fc2.weight', 'blocks.11.mlp.fc2.bias', 'norm.weight', 'norm.bias'], unexpected_keys=['state_dict'])
top-1 accuracy :  0.5
top-5 accuracy :  0.50034380013752
maj accuracy class :  0.5
t_tot: 1226.5466985702515
t_model: 161.52952480316162
t_transfer: 2.000447988510132
t_search: 1051.2539761066437
-----------------------------------------------------------------------------------------------
------------------------------------- Model 11 --------------------------------------------------
-----------------------------------------------------------------------------------------------
Weights: /home/axelle/Documents/Doctorat/WP1/WP1/weights_folder/ibot/model30/checkpoint_new.pth
Indexing
Model vit_small 16x16 built.
Model vit_base 16x16 built.
/home/axelle/Documents/Doctorat/WP1/WP1/weights_folder/ibot/model30/checkpoint_new.pth
True
Take key teacher in provided checkpoint dict
Pretrained weights found at /home/axelle/Documents/Doctorat/WP1/WP1/weights_folder/ibot/model30/checkpoint_new.pth and loaded with msg: _IncompatibleKeys(missing_keys=[], unexpected_keys=['head.mlp.0.weight', 'head.mlp.0.bias', 'head.mlp.2.weight', 'head.mlp.2.bias', 'head.mlp.4.weight', 'head.mlp.4.bias', 'head.last_layer.weight_g', 'head.last_layer.weight_v', 'head.last_layer2.weight_g', 'head.last_layer2.weight_v'])
Time of the model: 3.0857198238372803
Time of the transfer: 123.13870000839233
Time of the indexing: 8.022528409957886
T_indexing = 140.91300511360168
all
Model vit_small 16x16 built.
Model vit_base 16x16 built.
/home/axelle/Documents/Doctorat/WP1/WP1/weights_folder/ibot/model30/checkpoint_new.pth
True
Take key teacher in provided checkpoint dict
Pretrained weights found at /home/axelle/Documents/Doctorat/WP1/WP1/weights_folder/ibot/model30/checkpoint_new.pth and loaded with msg: _IncompatibleKeys(missing_keys=[], unexpected_keys=['head.mlp.0.weight', 'head.mlp.0.bias', 'head.mlp.2.weight', 'head.mlp.2.bias', 'head.mlp.4.weight', 'head.mlp.4.bias', 'head.last_layer.weight_g', 'head.last_layer.weight_v', 'head.last_layer2.weight_g', 'head.last_layer2.weight_v'])
top-1 accuracy :  0.8806154022461609
top-5 accuracy :  0.9490602796241119
maj accuracy class :  0.899782259912904
t_tot: 1249.3810255527496
t_model: 169.00697827339172
t_transfer: 1.7693042755126953
t_search: 1066.850818157196
-----------------------------------------------------------------------------------------------
------------------------------------- Model 12 --------------------------------------------------
-----------------------------------------------------------------------------------------------
Weights: /home/axelle/Documents/Doctorat/WP1/WP1/weights_folder/ibot/model31/checkpoint24.pth
Indexing
Model vit_small 16x16 built.
Model vit_base 16x16 built.
/home/axelle/Documents/Doctorat/WP1/WP1/weights_folder/ibot/model31/checkpoint24.pth
True
Take key teacher in provided checkpoint dict
Pretrained weights found at /home/axelle/Documents/Doctorat/WP1/WP1/weights_folder/ibot/model31/checkpoint24.pth and loaded with msg: _IncompatibleKeys(missing_keys=[], unexpected_keys=['head.mlp.0.weight', 'head.mlp.0.bias', 'head.mlp.2.weight', 'head.mlp.2.bias', 'head.mlp.4.weight', 'head.mlp.4.bias', 'head.last_layer.weight_g', 'head.last_layer.weight_v', 'head.last_layer2.weight_g', 'head.last_layer2.weight_v'])
Time of the model: 3.17698335647583
Time of the transfer: 123.13778185844421
Time of the indexing: 8.253807783126831
T_indexing = 141.35507726669312
all
Model vit_small 16x16 built.
Model vit_base 16x16 built.
/home/axelle/Documents/Doctorat/WP1/WP1/weights_folder/ibot/model31/checkpoint24.pth
True
Take key teacher in provided checkpoint dict
Pretrained weights found at /home/axelle/Documents/Doctorat/WP1/WP1/weights_folder/ibot/model31/checkpoint24.pth and loaded with msg: _IncompatibleKeys(missing_keys=[], unexpected_keys=['head.mlp.0.weight', 'head.mlp.0.bias', 'head.mlp.2.weight', 'head.mlp.2.bias', 'head.mlp.4.weight', 'head.mlp.4.bias', 'head.last_layer.weight_g', 'head.last_layer.weight_v', 'head.last_layer2.weight_g', 'head.last_layer2.weight_v'])
top-1 accuracy :  0.7745817098326839
top-5 accuracy :  0.9242493696997479
maj accuracy class :  0.8067270226908091
t_tot: 1263.2728588581085
t_model: 172.95827388763428
t_transfer: 1.7647361755371094
t_search: 1076.5775780677795
-----------------------------------------------------------------------------------------------
------------------------------------- Model 10 --------------------------------------------------
-----------------------------------------------------------------------------------------------
Weights: /home/axelle/Documents/Doctorat/WP1/WP1/weights_folder/ibot/model27/checkpoint_teacher.pth
Indexing
Model vit_small 16x16 built.
Model vit_base 16x16 built.
/home/axelle/Documents/Doctorat/WP1/WP1/weights_folder/ibot/model27/checkpoint_teacher.pth
True
Pretrained weights found at /home/axelle/Documents/Doctorat/WP1/WP1/weights_folder/ibot/model27/checkpoint_teacher.pth and loaded with msg: <All keys matched successfully>
Time of the model: 3.080258369445801
Time of the transfer: 123.00853061676025
Time of the indexing: 8.597400188446045
T_indexing = 141.4815595149994
all
Model vit_small 16x16 built.
Model vit_base 16x16 built.
/home/axelle/Documents/Doctorat/WP1/WP1/weights_folder/ibot/model27/checkpoint_teacher.pth
True
Pretrained weights found at /home/axelle/Documents/Doctorat/WP1/WP1/weights_folder/ibot/model27/checkpoint_teacher.pth and loaded with msg: <All keys matched successfully>
top-1 accuracy :  0.7028707311482925
top-5 accuracy :  0.8715619986247994
maj accuracy class :  0.7159637863855145
t_tot: 1277.6660764217377
t_model: 178.6114366054535
t_transfer: 1.731595754623413
t_search: 1085.135756969452
-----------------------------------------------------------------------------------------------
------------------------------------- Model 6 --------------------------------------------------
-----------------------------------------------------------------------------------------------
Weights: /home/axelle/Documents/Doctorat/WP1/WP1/weights_folder/byol_light/model15/epoch=67-step=112132.ckpt
Indexing
Model vit_small 16x16 built.
Model vit_base 16x16 built.
Time of the model: 3.6986021995544434
Time of the transfer: 142.36068153381348
Time of the indexing: 7.8909077644348145
T_indexing = 160.7330503463745
all
Model vit_small 16x16 built.
Model vit_base 16x16 built.
top-1 accuracy :  0.8041198716479486
top-5 accuracy :  0.8892390556956222
maj accuracy class :  0.806669722667889
t_tot: 869.9924182891846
t_model: 166.60165452957153
t_transfer: 2.5665621757507324
t_search: 688.787398815155
-----------------------------------------------------------------------------------------------
------------------------------------- Model 7 --------------------------------------------------
-----------------------------------------------------------------------------------------------
Weights: /home/axelle/Documents/Doctorat/WP1/WP1/weights_folder/byol_light/model18/epoch=45-step=75854.ckpt
Indexing
Model vit_small 16x16 built.
Model vit_base 16x16 built.
Time of the model: 3.7746949195861816
Time of the transfer: 142.31364679336548
Time of the indexing: 7.9022064208984375
T_indexing = 160.6920268535614
all
Model vit_small 16x16 built.
Model vit_base 16x16 built.
top-1 accuracy :  0.6461150584460233
top-5 accuracy :  0.793662617465047
maj accuracy class :  0.6075807930323173
t_tot: 876.6410293579102
t_model: 168.03409504890442
t_transfer: 2.4262733459472656
t_search: 694.1324648857117
-----------------------------------------------------------------------------------------------
------------------------------------- Model 8 --------------------------------------------------
-----------------------------------------------------------------------------------------------
Weights: /home/axelle/Documents/Doctorat/WP1/WP1/weights_folder/byol_light/model19/epoch=99-step=500400.ckpt
Indexing
Model vit_small 16x16 built.
Model vit_base 16x16 built.
all
Model vit_small 16x16 built.
Model vit_base 16x16 built.
-----------------------------------------------------------------------------------------------
------------------------------------- Model 9 --------------------------------------------------
-----------------------------------------------------------------------------------------------
Weights: /home/axelle/Documents/Doctorat/WP1/WP1/weights_folder/retccl/model24/ret_pretrained.pth
Indexing
Model vit_small 16x16 built.
Model vit_base 16x16 built.
all
Model vit_small 16x16 built.
Model vit_base 16x16 built.
-----------------------------------------------------------------------------------------------
------------------------------------- Model 9 --------------------------------------------------
-----------------------------------------------------------------------------------------------
Weights: /home/axelle/Documents/Doctorat/WP1/WP1/weights_folder/retccl/model24/ret_pretrained.pth
Indexing
Model vit_small 16x16 built.
Model vit_base 16x16 built.
Time of the model: 3.4176509380340576
Time of the transfer: 142.5161211490631
Time of the indexing: 8.883862495422363
T_indexing = 161.9907774925232
all
Model vit_small 16x16 built.
Model vit_base 16x16 built.
