-----------------------------------------------------------------------------------------------
------------------------------------- Model 1 --------------------------------------------------
-----------------------------------------------------------------------------------------------
Weights: /home/labsig/Documents/Axelle/cytomine/cbir-tfe/weights_folder/resnet/v9_alan/last_epoch
Indexing
Model vit_small 16x16 built.
Model vit_base 16x16 built.
stat
Model vit_small 16x16 built.
Model vit_base 16x16 built.
all
Model vit_small 16x16 built.
Model vit_base 16x16 built.
weighted
Model vit_small 16x16 built.
Model vit_base 16x16 built.
-----------------------------------------------------------------------------------------------
------------------------------------- Model 2 --------------------------------------------------
-----------------------------------------------------------------------------------------------
Weights: /home/labsig/Documents/Axelle/cytomine/cbir-tfe/weights_folder/deit/version_18/last_epoch
Indexing
Model vit_small 16x16 built.
Model vit_base 16x16 built.
stat
Model vit_small 16x16 built.
Model vit_base 16x16 built.
all
Model vit_small 16x16 built.
Model vit_base 16x16 built.
weighted
Model vit_small 16x16 built.
Model vit_base 16x16 built.
-----------------------------------------------------------------------------------------------
------------------------------------- Model 1 --------------------------------------------------
-----------------------------------------------------------------------------------------------
Weights: /home/labsig/Documents/Axelle/cytomine/cbir-tfe/weights_folder/resnet/v9_alan/last_epoch
Indexing
Model vit_small 16x16 built.
Model vit_base 16x16 built.
Time of the model: 2.1683332920074463
Time of the transfer: 64.41876769065857
Time of the indexing: 4.352012872695923
T_indexing = 81.94193840026855
stat
Model vit_small 16x16 built.
Model vit_base 16x16 built.
Top 1 accuracy:  0.7376470588235294  +-  0.007520317219907899
Top 5 accuracy:  0.8765686274509804  +-  0.0048517031496700305
Maj accuracy:  0.7427450980392157  +-  0.006030806470286151
Top 1 accuracy on project:  0.9311764705882354  +-  0.004838808893824715
Top 5 accuracy on project:  0.9613725490196078  +-  0.003776737310638854
Maj accuracy on project:  0.9297058823529412  +-  0.005529446530275909
Top 1 accuracy on sim:  0.937156862745098  +-  0.004690538711335546
Top 5 accuracy on sim:  0.966078431372549  +-  0.0034299717028501643
Maj accuracy on sim:  0.9367647058823529  +-  0.004540602422317399
t_tot: 0.007577043654871922 +- 0.00022088246282426436
t_model: 0.0018652989817600624 +- 9.339118600634196e-05
t_transfer: 0.0001384849641837326 +- 1.16287645249094e-05
t model complet: 0.002003783945943795 +- 8.613186123815926e-05
t_search: 0.005389732776903638 +- 0.0001478699429329169
all
Model vit_small 16x16 built.
Model vit_base 16x16 built.
top-1 accuracy :  [0.81839569]
top-5 accuracy :  [0.92921533]
top-1 accuracy proj :  [0.9450482]
top-5 accuracy proj :  [0.96634605]
top-1 accuracy sim :  [0.94586014]
top-5 accuracy sim :  [0.967158]
maj accuracy class :  [0.84289967]
maj accuracy proj :  [0.94511065]
maj accuracy sim :  [0.94606833]
f1 score :  0.8183956862990027
t_tot: 718.3956389427185
t_model: 176.27139902114868
t_transfer: 12.507773637771606
t_search: 512.0208220481873
weighted
Model vit_small 16x16 built.
Model vit_base 16x16 built.
top-1 accuracy :  [0.72988431]
top-5 accuracy :  [0.87162791]
top-1 accuracy proj :  [0.93555944]
top-5 accuracy proj :  [0.9684007]
top-1 accuracy sim :  [0.940036]
top-5 accuracy sim :  [0.97216038]
maj accuracy class :  [0.72773716]
maj accuracy proj :  [0.92891931]
maj accuracy sim :  [0.93426581]
f1 score :  0.8183956862990027
t_tot: 717.1358554363251
t_model: 178.29869508743286
t_transfer: 12.269165277481079
t_search: 508.8715145587921
-----------------------------------------------------------------------------------------------
------------------------------------- Model 2 --------------------------------------------------
-----------------------------------------------------------------------------------------------
Weights: /home/labsig/Documents/Axelle/cytomine/cbir-tfe/weights_folder/deit/version_18/last_epoch
Indexing
Model vit_small 16x16 built.
Model vit_base 16x16 built.
Time of the model: 2.0183355808258057
Time of the transfer: 242.21012949943542
Time of the indexing: 3.987032651901245
T_indexing = 259.61464619636536
stat
Model vit_small 16x16 built.
Model vit_base 16x16 built.
Top 1 accuracy:  0.7244117647058824  +-  0.013053950100474677
Top 5 accuracy:  0.863529411764706  +-  0.008918874835720913
Maj accuracy:  0.7329411764705883  +-  0.00811063446272411
Top 1 accuracy on project:  0.9282352941176472  +-  0.00586271230891219
Top 5 accuracy on project:  0.9567647058823529  +-  0.002647058823529427
Maj accuracy on project:  0.925  +-  0.005229268765919477
Top 1 accuracy on sim:  0.928627450980392  +-  0.005813320423675931
Top 5 accuracy on sim:  0.9570588235294117  +-  0.0028005601680560336
Maj accuracy on sim:  0.9252941176470587  +-  0.00523936831995587
t_tot: 0.010082691253400316 +- 6.139423697348725e-05
t_model: 0.0018003459070243086 +- 4.5982924821010607e-05
t_transfer: 0.0027146404397253897 +- 3.322455891738709e-05
t model complet: 0.004514986346749699 +- 3.6211613230018566e-05
t_search: 0.005381370104995428 +- 4.701836348467515e-05
all
Model vit_small 16x16 built.
Model vit_base 16x16 built.
top-1 accuracy :  [0.79771199]
top-5 accuracy :  [0.91938875]
top-1 accuracy proj :  [0.94208149]
top-5 accuracy proj :  [0.96210938]
top-1 accuracy sim :  [0.94231049]
top-5 accuracy sim :  [0.96229675]
maj accuracy class :  [0.81999875]
maj accuracy proj :  [0.94225845]
maj accuracy sim :  [0.94251869]
f1 score :  0.797711989673766
t_tot: 975.0328752994537
t_model: 174.73234128952026
t_transfer: 262.1609809398651
t_search: 520.3293685913086
weighted
Model vit_small 16x16 built.
Model vit_base 16x16 built.
-----------------------------------------------------------------------------------------------
------------------------------------- Model 1 --------------------------------------------------
-----------------------------------------------------------------------------------------------
Weights: /home/labsig/Documents/Axelle/cytomine/cbir-tfe/weights_folder/resnet/v9_alan/last_epoch
Indexing
Model vit_small 16x16 built.
Model vit_base 16x16 built.
Time of the model: 2.029745578765869
Time of the transfer: 64.72011137008667
Time of the indexing: 4.446155071258545
T_indexing = 82.37916207313538
weighted
Model vit_small 16x16 built.
Model vit_base 16x16 built.
top-1 accuracy :  [0.72987694]
top-5 accuracy :  [0.8716248]
top-1 accuracy proj :  [0.93554251]
top-5 accuracy proj :  [0.96839998]
top-1 accuracy sim :  [0.94000159]
top-5 accuracy sim :  [0.97215967]
maj accuracy class :  [0.72772098]
maj accuracy proj :  [0.92890404]
maj accuracy sim :  [0.93425053]
f1 score :  0.812733591617122
t_tot: 708.7136826515198
t_model: 172.80499410629272
t_transfer: 13.74359393119812
t_search: 504.6454908847809
-----------------------------------------------------------------------------------------------
------------------------------------- Model 2 --------------------------------------------------
-----------------------------------------------------------------------------------------------
Weights: /home/labsig/Documents/Axelle/cytomine/cbir-tfe/weights_folder/deit/version_18/last_epoch
Indexing
Model vit_small 16x16 built.
Model vit_base 16x16 built.
Time of the model: 2.0600497722625732
Time of the transfer: 242.24345541000366
Time of the indexing: 3.903679132461548
T_indexing = 259.50349831581116
weighted
Model vit_small 16x16 built.
Model vit_base 16x16 built.
top-1 accuracy :  [0.73127181]
top-5 accuracy :  [0.86472568]
top-1 accuracy proj :  [0.93719748]
top-5 accuracy proj :  [0.96410083]
top-1 accuracy sim :  [0.93768282]
top-5 accuracy sim :  [0.96423338]
maj accuracy class :  [0.725914]
maj accuracy proj :  [0.92920271]
maj accuracy sim :  [0.92958546]
f1 score :  0.7870479320133178
t_tot: 956.4364845752716
t_model: 171.8819649219513
t_transfer: 265.89835143089294
t_search: 500.9308638572693
