-----------------------------------------------------------------------------------------------
------------------------------------- Model 4 --------------------------------------------------
-----------------------------------------------------------------------------------------------
Weights: /home/labsig/Documents/Axelle/cytomine/cbir-tfe/weights_folder/Dino/Vit_pretrained/checkpoint0099_pretrained.pth
Indexing
Model vit_small 16x16 built.
Model vit_base 16x16 built.
Pretrained weights found at /home/labsig/Documents/Axelle/cytomine/cbir-tfe/weights_folder/Dino/Vit_pretrained/checkpoint0099_pretrained.pth and loaded with msg: <All keys matched successfully>
Time of the model: 1.5991709232330322
Time of the transfer: 76.22907042503357
Time of the indexing: 4.2138283252716064
T_indexing = 93.75730586051941
all
Model vit_small 16x16 built.
Model vit_base 16x16 built.
Pretrained weights found at /home/labsig/Documents/Axelle/cytomine/cbir-tfe/weights_folder/Dino/Vit_pretrained/checkpoint0099_pretrained.pth and loaded with msg: <All keys matched successfully>
top-1 accuracy :  [0.76866946]
top-5 accuracy :  [0.88980493]
top-1 accuracy proj :  [0.9265505]
top-5 accuracy proj :  [0.94515229]
top-1 accuracy sim :  [0.92868445]
top-5 accuracy sim :  [0.94807736]
maj accuracy class :  [0.77751754]
maj accuracy proj :  [0.92590511]
maj accuracy sim :  [0.92843462]
f1 score :  0.7686694564153811
t_tot: 1861.958545923233
t_model: 193.70680451393127
t_transfer: 88.9454550743103
t_search: 1560.2369713783264
weighted
Model vit_small 16x16 built.
Model vit_base 16x16 built.
Pretrained weights found at /home/labsig/Documents/Axelle/cytomine/cbir-tfe/weights_folder/Dino/Vit_pretrained/checkpoint0099_pretrained.pth and loaded with msg: <All keys matched successfully>
top-1 accuracy :  [0.66049883]
top-5 accuracy :  [0.8158473]
top-1 accuracy proj :  [0.93521121]
top-5 accuracy proj :  [0.9586765]
top-1 accuracy sim :  [0.93636428]
top-5 accuracy sim :  [0.95975288]
maj accuracy class :  [0.62891325]
maj accuracy proj :  [0.92923651]
maj accuracy sim :  [0.930347]
f1 score :  0.7558333343625896
t_tot: 1803.4308161735535
t_model: 180.17748713493347
t_transfer: 89.99937868118286
t_search: 1515.0757086277008
