-----------------------------------------------------------------------------------------------
------------------------------------- Model 1 --------------------------------------------------
-----------------------------------------------------------------------------------------------
Weights: /home/labsig/Documents/Axelle/cytomine/WP1/weights_folder/resnet/model2/last_epoch
Indexing
all
Model vit_small 16x16 built.
Model vit_base 16x16 built.
Experiment number:  0
Time of the model: 3.1154398918151855
Time of the transfer: 43.082674980163574
Time of the indexing: 7.3011314868927
Experiment number:  1
Time of the model: 2.3126273155212402
Time of the transfer: 43.012970209121704
Time of the indexing: 6.822804689407349
Experiment number:  2
Time of the model: 2.2286694049835205
Time of the transfer: 43.12621021270752
Time of the indexing: 6.601748704910278
Experiment number:  3
Time of the model: 2.348576784133911
Time of the transfer: 43.01215648651123
Time of the indexing: 6.550903797149658
Experiment number:  4
Time of the model: 2.0601048469543457
Time of the transfer: 43.29487156867981
Time of the indexing: 5.727068901062012
Top 1 accuracy:  0.8183748672787459  +-  5.225532612165246e-05
Top 5 accuracy:  0.9292153311265172  +-  2.5497988287028538e-05
Maj accuracy:  0.8428705265130223  +-  1.790919839909172e-05
Top 1 accuracy on project:  0.9450357046197405  +-  5.4049320199641e-05
Top 5 accuracy on project:  0.9663481356567359  +-  3.382690402280069e-05
Maj accuracy on project:  0.9451044073865884  +-  8.32760810279276e-06
Top 1 accuracy on sim:  0.9458414007036829  +-  5.9398091385854304e-05
Top 5 accuracy on sim:  0.9671600774467553  +-  3.382690402282392e-05
Maj accuracy on sim:  0.946062082318406  +-  8.327608102742801e-06
t_tot: 10.715353049804916 +- 0.06639850271734503
t_model: 2.679073370036794 +- 0.022525971051984766
t_transfer: 0.026823362663610656 +- 0.0004019995793949419
t model complet: 2.705896732700405 +- 0.022273352771392113
t_search: 7.837747575275934 +- 0.05144830607511927
-----------------------------------------------------------------------------------------------
------------------------------------- Model 2 --------------------------------------------------
-----------------------------------------------------------------------------------------------
Weights: /home/labsig/Documents/Axelle/cytomine/WP1/weights_folder/deit/model5/last_epoch
Indexing
all
Model vit_small 16x16 built.
Model vit_base 16x16 built.
Experiment number:  0
Time of the model: 2.183044910430908
Time of the transfer: 111.24526834487915
Time of the indexing: 5.195315361022949
Experiment number:  1
Time of the model: 1.665870189666748
Time of the transfer: 111.8829607963562
Time of the indexing: 4.920344591140747
Experiment number:  2
Time of the model: 1.9632906913757324
Time of the transfer: 112.23658180236816
Time of the indexing: 5.6914544105529785
Experiment number:  3
Time of the model: 1.8838248252868652
Time of the transfer: 111.7927885055542
Time of the indexing: 5.448442459106445
Experiment number:  4
Time of the model: 1.7212424278259277
Time of the transfer: 111.83605813980103
Time of the indexing: 5.026059627532959
Top 1 accuracy:  0.7977577915183311  +-  3.758971974533848e-05
Top 5 accuracy:  0.9194074906834885  +-  3.4461610470396064e-05
Maj accuracy:  0.8200341431932212  +-  2.5155717888957165e-05
Top 1 accuracy on project:  0.9421314512939022  +-  4.4845542082609996e-05
Top 5 accuracy on project:  0.9621364478587638  +-  3.331043241104059e-05
Maj accuracy on project:  0.9423042491620345  +-  1.9306765131259163e-05
Top 1 accuracy on sim:  0.9423604605167281  +-  4.4845542082608966e-05
Top 5 accuracy on sim:  0.962323819041076  +-  3.331043241104059e-05
Maj accuracy on sim:  0.9425707326213228  +-  1.7418442040541972e-05
t_tot: 12.236639082609717 +- 0.0782100508259366
t_model: 2.7528502670686636 +- 0.04102249751823359
t_transfer: 1.4605867094068383 +- 0.01950761428752906
t model complet: 4.213436976475502 +- 0.02250320327306127
t_search: 7.850961096607039 +- 0.05443521764999893
-----------------------------------------------------------------------------------------------
------------------------------------- Model 3 --------------------------------------------------
-----------------------------------------------------------------------------------------------
Weights: /home/labsig/Documents/Axelle/cytomine/WP1/weights_folder/Dino/model11/pretrained_vit_small_checkpoint.pth
Indexing
all
Model vit_small 16x16 built.
Model vit_base 16x16 built.
Pretrained weights found at /home/labsig/Documents/Axelle/cytomine/WP1/weights_folder/Dino/model11/pretrained_vit_small_checkpoint.pth and loaded with msg: <All keys matched successfully>
Experiment number:  0
Time of the model: 2.685145616531372
Time of the transfer: 40.13105034828186
Time of the indexing: 6.937207460403442
Experiment number:  1
Time of the model: 2.799877166748047
Time of the transfer: 40.19382953643799
Time of the indexing: 8.03913164138794
Experiment number:  2
Time of the model: 2.4372575283050537
Time of the transfer: 40.260393381118774
Time of the indexing: 6.96358585357666
Experiment number:  3
Time of the model: 2.6647777557373047
Time of the transfer: 39.87906885147095
Time of the indexing: 7.201402187347412
Experiment number:  4
Time of the model: 2.6139936447143555
Time of the transfer: 39.917930126190186
Time of the indexing: 7.270329475402832
Top 1 accuracy:  0.7590989528032811  +-  2.143449324626825e-05
Top 5 accuracy:  0.9037515874502946  +-  2.018478903013035e-05
Maj accuracy:  0.7702059001103407  +-  1.691345201142836e-05
Top 1 accuracy on project:  0.9319884246247371  +-  2.1434493246270408e-05
Top 5 accuracy on project:  0.9568713176357921  +-  2.0184789030102867e-05
Maj accuracy on project:  0.9329356900464264  +-  2.242277104129881e-05
Top 1 accuracy on sim:  0.9333437428434618  +-  1.691345201141196e-05
Top 5 accuracy on sim:  0.9579081048445861  +-  1.691345201139283e-05
Maj accuracy on sim:  0.9348052380654966  +-  1.9750656799490662e-05
t_tot: 29.49250528420975 +- 0.37382034982951334
t_model: 3.44565004590732 +- 0.0901469557031906
t_transfer: 0.07062200645902264 +- 0.0040902777630754
t model complet: 3.516272052366342 +- 0.08649014163204545
t_search: 25.779752169794108 +- 0.2856804706055013
-----------------------------------------------------------------------------------------------
------------------------------------- Model 4 --------------------------------------------------
-----------------------------------------------------------------------------------------------
Weights: /home/labsig/Documents/Axelle/cytomine/WP1/weights_folder/Dino/model12/checkpoint0099_scratch.pth
Indexing
all
Model vit_small 16x16 built.
Model vit_base 16x16 built.
Pretrained weights found at /home/labsig/Documents/Axelle/cytomine/WP1/weights_folder/Dino/model12/checkpoint0099_scratch.pth and loaded with msg: <All keys matched successfully>
Experiment number:  0
Time of the model: 2.4639101028442383
Time of the transfer: 40.17938184738159
Time of the indexing: 6.586919069290161
Experiment number:  1
Time of the model: 2.5030298233032227
Time of the transfer: 40.01309061050415
Time of the indexing: 7.056740045547485
Experiment number:  2
Time of the model: 2.5205512046813965
Time of the transfer: 39.992576122283936
Time of the indexing: 7.0426552295684814
Experiment number:  3
Time of the model: 2.50075626373291
Time of the transfer: 40.019612312316895
Time of the indexing: 6.9823243618011475
Experiment number:  4
Time of the model: 2.39225697517395
Time of the transfer: 40.140869140625
Time of the indexing: 6.587958335876465
Top 1 accuracy:  0.7741448587429476  +-  9.026912076564508e-05
Top 5 accuracy:  0.8934961380717423  +-  2.9880915400692583e-05
Maj accuracy:  0.7836362500780714  +-  1.0199195314793286e-05
Top 1 accuracy on project:  0.9294464222513689  +-  9.012495918188941e-05
Top 5 accuracy on project:  0.9487852101680095  +-  3.420914105956678e-05
Maj accuracy on project:  0.9286573813836322  +-  1.2491412154166012e-05
Top 1 accuracy on sim:  0.9317469239897571  +-  9.012495918187353e-05
Top 5 accuracy on sim:  0.9515541398621782  +-  2.5497988287037605e-05
Maj accuracy on sim:  0.9313888368413382  +-  1.6655216205535563e-05
t_tot: 29.665672947755503 +- 0.18205344656693956
t_model: 3.4702124759332458 +- 0.0467767398870301
t_transfer: 0.07306797255331011 +- 0.0026649333059308453
t model complet: 3.5432804484865557 +- 0.044382789228131284
t_search: 25.92690606757776 +- 0.1363143899213403
-----------------------------------------------------------------------------------------------
------------------------------------- Model 5 --------------------------------------------------
-----------------------------------------------------------------------------------------------
Weights: /home/labsig/Documents/Axelle/cytomine/WP1/weights_folder/Dino/model13/checkpoint0099_pretrained.pth
Indexing
all
Model vit_small 16x16 built.
Model vit_base 16x16 built.
Pretrained weights found at /home/labsig/Documents/Axelle/cytomine/WP1/weights_folder/Dino/model13/checkpoint0099_pretrained.pth and loaded with msg: <All keys matched successfully>
Experiment number:  0
Time of the model: 2.4127609729766846
Time of the transfer: 40.275291204452515
Time of the indexing: 6.25571870803833
Experiment number:  1
Time of the model: 2.492373466491699
Time of the transfer: 40.07123589515686
Time of the indexing: 6.863488674163818
Experiment number:  2
Time of the model: 2.57370662689209
Time of the transfer: 39.97229719161987
Time of the indexing: 6.872365474700928
Experiment number:  3
Time of the model: 2.4515020847320557
Time of the transfer: 40.09403085708618
Time of the indexing: 6.73176383972168
Experiment number:  4
Time of the model: 2.5674948692321777
Time of the transfer: 39.96718239784241
Time of the indexing: 6.925262451171875
Top 1 accuracy:  0.7686569650032269  +-  6.596706230199909e-05
Top 5 accuracy:  0.8898424000166552  +-  2.0398390629586573e-05
Maj accuracy:  0.7775279495346948  +-  3.087959730642571e-05
Top 1 accuracy on project:  0.9265442508275561  +-  7.861764865195265e-05
Top 5 accuracy on project:  0.945160618741282  +-  3.318005839841357e-05
Maj accuracy on project:  0.9259155164157974  +-  1.741844204056851e-05
Top 1 accuracy on sim:  0.928684446109966  +-  7.563925686334037e-05
Top 5 accuracy on sim:  0.9480794453813004  +-  3.31800583983857e-05
Maj accuracy on sim:  0.9284450273770117  +-  1.7418442040541972e-05
t_tot: 29.869380972278652 +- 0.19043080707261203
t_model: 3.551662589542901 +- 0.04353281532167339
t_transfer: 0.06634732075591585 +- 0.0015630933973804313
t model complet: 3.6180099102988175 +- 0.04245939901492055
t_search: 26.055284277360833 +- 0.1468491314991173
-----------------------------------------------------------------------------------------------
------------------------------------- Model 6 --------------------------------------------------
-----------------------------------------------------------------------------------------------
Weights: /home/labsig/Documents/Axelle/cytomine/WP1/weights_folder/byol_light/model15/epoch=67-step=112132.ckpt
Indexing
all
Model vit_small 16x16 built.
Model vit_base 16x16 built.
Experiment number:  0
Time of the model: 2.789827585220337
Time of the transfer: 43.00511598587036
Time of the indexing: 6.525447845458984
Experiment number:  1
Time of the model: 2.190363883972168
Time of the transfer: 43.221407890319824
Time of the indexing: 6.086516618728638
Experiment number:  2
Time of the model: 2.3905439376831055
Time of the transfer: 43.02127242088318
Time of the indexing: 6.675751209259033
Experiment number:  3
Time of the model: 2.2917897701263428
Time of the transfer: 43.1188850402832
Time of the indexing: 6.56243896484375
Experiment number:  4
Time of the model: 2.145498037338257
Time of the transfer: 43.25898289680481
Time of the indexing: 6.044413089752197
Top 1 accuracy:  0.7447005183936045  +-  2.7619551478003282e-05
Top 5 accuracy:  0.8940686611288072  +-  1.0615659054394569e-05
Maj accuracy:  0.764847084296213  +-  1.2139470561588574e-05
Top 1 accuracy on project:  0.9361668019902984  +-  3.0455601020810017e-05
Top 5 accuracy on project:  0.951050319571961  +-  1.4120146530760274e-05
Maj accuracy on project:  0.9372368996315034  +-  1.4120146530783191e-05
Top 1 accuracy on sim:  0.936458268273895  +-  3.045560102082216e-05
Top 5 accuracy on sim:  0.9512689192846585  +-  1.4120146530779916e-05
Maj accuracy on sim:  0.9375804134657424  +-  1.4120146530789737e-05
t_tot: 20.363291612311976 +- 0.1890147926959192
t_model: 3.2169755024696465 +- 0.06250016714092195
t_transfer: 0.027391155442195152 +- 0.0003594426385103575
t model complet: 3.2443666579118413 +- 0.06284201496948737
t_search: 16.929478196243743 +- 0.12491846775644802
-----------------------------------------------------------------------------------------------
------------------------------------- Model 7 --------------------------------------------------
-----------------------------------------------------------------------------------------------
Weights: /home/labsig/Documents/Axelle/cytomine/WP1/weights_folder/byol_light/model18/epoch=45-step=75854.ckpt
Indexing
all
Model vit_small 16x16 built.
Model vit_base 16x16 built.
Experiment number:  0
Time of the model: 2.716207504272461
Time of the transfer: 43.06913661956787
Time of the indexing: 6.468304634094238
Experiment number:  1
Time of the model: 2.1805012226104736
Time of the transfer: 43.22392678260803
Time of the indexing: 6.153583288192749
Experiment number:  2
Time of the model: 2.1585006713867188
Time of the transfer: 43.25964593887329
Time of the indexing: 5.947043180465698
Experiment number:  3
Time of the model: 2.173975706100464
Time of the transfer: 43.24389457702637
Time of the indexing: 6.015286445617676
Experiment number:  4
Time of the model: 2.3293707370758057
Time of the transfer: 43.08502793312073
Time of the indexing: 6.390746831893921
Top 1 accuracy:  0.7449441009306103  +-  3.804814790350546e-05
Top 5 accuracy:  0.8949076676451606  +-  3.0455601020823674e-05
Maj accuracy:  0.7630878770845044  +-  2.0184789030093705e-05
Top 1 accuracy on project:  0.9354714467137176  +-  3.483688408113703e-05
Top 5 accuracy on project:  0.9527637249391046  +-  1.7909198399099464e-05
Maj accuracy on project:  0.9375658401515625  +-  1.9080947244416847e-05
Top 1 accuracy on sim:  0.9364083026252785  +-  3.4836884081083945e-05
Top 5 accuracy on sim:  0.9532737909353985  +-  1.7909198399099464e-05
Maj accuracy on sim:  0.9398455228696939  +-  1.9080947244416847e-05
t_tot: 20.627589237867898 +- 0.13243125161171776
t_model: 3.3191040117349195 +- 0.0383275144112189
t_transfer: 0.02765490119136981 +- 0.00026785595604980654
t model complet: 3.346758912926289 +- 0.0384936436441408
t_search: 17.08843364003879 +- 0.09465995461370552
-----------------------------------------------------------------------------------------------
------------------------------------- Model 8 --------------------------------------------------
-----------------------------------------------------------------------------------------------
Weights: /home/labsig/Documents/Axelle/cytomine/WP1/weights_folder/byol_light/model19/epoch=99-step=500400.ckpt
Indexing
all
Model vit_small 16x16 built.
Model vit_base 16x16 built.
Experiment number:  0
Time of the model: 2.789431095123291
Time of the transfer: 43.11294746398926
Time of the indexing: 6.178768634796143
Experiment number:  1
Time of the model: 2.3185460567474365
Time of the transfer: 43.11132001876831
Time of the indexing: 6.450463056564331
Experiment number:  2
Time of the model: 2.3576512336730957
Time of the transfer: 43.06553673744202
Time of the indexing: 6.439051628112793
Experiment number:  3
Time of the model: 2.4492523670196533
Time of the transfer: 42.97619867324829
Time of the indexing: 6.609495401382446
Experiment number:  4
Time of the model: 2.357764482498169
Time of the transfer: 43.062315225601196
Time of the indexing: 6.4810028076171875
Top 1 accuracy:  0.638019694793163  +-  2.633420906600218e-05
Top 5 accuracy:  0.8431411737763621  +-  1.2139470561599999e-05
Maj accuracy:  0.6259779734765681  +-  1.3809775738990762e-05
Top 1 accuracy on project:  0.8079174734037016  +-  4.95300200002912e-05
Top 5 accuracy on project:  0.9174234380530052  +-  2.0184789030093705e-05
Maj accuracy on project:  0.7996918785001979  +-  1.0199195314793286e-05
Top 1 accuracy on sim:  0.8428268065704827  +-  6.245706077074865e-05
Top 5 accuracy on sim:  0.9514583723689963  +-  2.3183079811114706e-05
Maj accuracy on sim:  0.8463306476797202  +-  2.988091540064772e-05
t_tot: 20.564602103873863 +- 0.2426094762420451
t_model: 3.3323786749768614 +- 0.07484587479560284
t_transfer: 0.027533756796993426 +- 0.0003072532812169225
t model complet: 3.3599124317738545 +- 0.075133753430318
t_search: 17.011432606426638 +- 0.16574429045690522
-----------------------------------------------------------------------------------------------
------------------------------------- Model 9 --------------------------------------------------
-----------------------------------------------------------------------------------------------
Weights: /home/labsig/Documents/Axelle/cytomine/WP1/weights_folder/retccl/model24/ret_pretrained.pth
Indexing
all
Model vit_small 16x16 built.
Model vit_base 16x16 built.
Experiment number:  0
Time of the model: 2.2625060081481934
Time of the transfer: 43.44305992126465
Time of the indexing: 6.572535514831543
Experiment number:  1
Time of the model: 2.0875136852264404
Time of the transfer: 43.32461977005005
Time of the indexing: 6.8323211669921875
Experiment number:  2
Time of the model: 2.183203935623169
Time of the transfer: 43.32651209831238
Time of the indexing: 7.092604160308838
Experiment number:  3
Time of the model: 2.2568283081054688
Time of the transfer: 43.15900707244873
Time of the indexing: 7.266556024551392
Experiment number:  4
Time of the model: 2.2666070461273193
Time of the transfer: 43.159263610839844
Time of the indexing: 7.411378383636475
