-----------------------------------------------------------------------------------------------
------------------------------------- Model 1 --------------------------------------------------
-----------------------------------------------------------------------------------------------
all
Some weights of DeiTForImageClassification were not initialized from the model checkpoint at facebook/deit-base-distilled-patch16-224 and are newly initialized: ['classifier.bias', 'classifier.weight']
You should probably TRAIN this model on a down-stream task to be able to use it for predictions and inference.
/home/labsig/anaconda3/envs/WP1/lib/python3.9/site-packages/torch/nn/utils/weight_norm.py:28: UserWarning: torch.nn.utils.weight_norm is deprecated in favor of torch.nn.utils.parametrizations.weight_norm.
  warnings.warn("torch.nn.utils.weight_norm is deprecated in favor of torch.nn.utils.parametrizations.weight_norm.")
/home/labsig/anaconda3/envs/WP1/lib/python3.9/site-packages/torchvision/models/_utils.py:208: UserWarning: The parameter 'pretrained' is deprecated since 0.13 and may be removed in the future, please use 'weights' instead.
  warnings.warn(
/home/labsig/anaconda3/envs/WP1/lib/python3.9/site-packages/torchvision/models/_utils.py:223: UserWarning: Arguments other than a weight enum or `None` for 'weights' are deprecated since 0.13 and may be removed in the future. The current behavior is equivalent to passing `weights=ResNet18_Weights.IMAGENET1K_V1`. You can also use `weights=ResNet18_Weights.DEFAULT` to get the most up-to-date weights.
  warnings.warn(msg)
Some weights of the model checkpoint at owkin/phikon were not used when initializing ViTModel: ['pooler.dense.bias', 'pooler.dense.weight']
- This IS expected if you are initializing ViTModel from the checkpoint of a model trained on another task or with another architecture (e.g. initializing a BertForSequenceClassification model from a BertForPreTraining model).
- This IS NOT expected if you are initializing ViTModel from the checkpoint of a model that you expect to be exactly identical (initializing a BertForSequenceClassification model from a BertForSequenceClassification model).
/home/labsig/anaconda3/envs/WP1/lib/python3.9/site-packages/torch/functional.py:512: UserWarning: torch.meshgrid: in an upcoming release, it will be required to pass the indexing argument. (Triggered internally at ../aten/src/ATen/native/TensorShape.cpp:3587.)
  return _VF.meshgrid(tensors, **kwargs)  # type: ignore[attr-defined]
/home/labsig/Documents/Axelle/cytomine/WP1/database/test_accuracy.py:543: DeprecationWarning: Conversion of an array with ndim > 0 to a scalar is deprecated, and will error in future. Ensure you extract a single element from your array before performing this operation. (Deprecated NumPy 1.25.)
  top_1_acc[0][i], top_5_acc[0][i], top_1_acc[1][i], top_5_acc[1][i], top_1_acc[2][i], top_5_acc[2][i], maj_acc[0][i], maj_acc[1][i], maj_acc[2][i], ts[0][i], ts[1][i], ts[2][i], ts[3][i] =  test(model, model_weight,  dataset, db_name, extractor, protocol, project_name, class_name, False, stat = True)
/home/labsig/Documents/Axelle/cytomine/WP1/database/test_accuracy.py:543: DeprecationWarning: Conversion of an array with ndim > 0 to a scalar is deprecated, and will error in future. Ensure you extract a single element from your array before performing this operation. (Deprecated NumPy 1.25.)
  top_1_acc[0][i], top_5_acc[0][i], top_1_acc[1][i], top_5_acc[1][i], top_1_acc[2][i], top_5_acc[2][i], maj_acc[0][i], maj_acc[1][i], maj_acc[2][i], ts[0][i], ts[1][i], ts[2][i], ts[3][i] =  test(model, model_weight,  dataset, db_name, extractor, protocol, project_name, class_name, False, stat = True)
/home/labsig/Documents/Axelle/cytomine/WP1/database/test_accuracy.py:543: DeprecationWarning: Conversion of an array with ndim > 0 to a scalar is deprecated, and will error in future. Ensure you extract a single element from your array before performing this operation. (Deprecated NumPy 1.25.)
  top_1_acc[0][i], top_5_acc[0][i], top_1_acc[1][i], top_5_acc[1][i], top_1_acc[2][i], top_5_acc[2][i], maj_acc[0][i], maj_acc[1][i], maj_acc[2][i], ts[0][i], ts[1][i], ts[2][i], ts[3][i] =  test(model, model_weight,  dataset, db_name, extractor, protocol, project_name, class_name, False, stat = True)
/home/labsig/Documents/Axelle/cytomine/WP1/database/test_accuracy.py:543: DeprecationWarning: Conversion of an array with ndim > 0 to a scalar is deprecated, and will error in future. Ensure you extract a single element from your array before performing this operation. (Deprecated NumPy 1.25.)
  top_1_acc[0][i], top_5_acc[0][i], top_1_acc[1][i], top_5_acc[1][i], top_1_acc[2][i], top_5_acc[2][i], maj_acc[0][i], maj_acc[1][i], maj_acc[2][i], ts[0][i], ts[1][i], ts[2][i], ts[3][i] =  test(model, model_weight,  dataset, db_name, extractor, protocol, project_name, class_name, False, stat = True)
/home/labsig/Documents/Axelle/cytomine/WP1/database/test_accuracy.py:543: DeprecationWarning: Conversion of an array with ndim > 0 to a scalar is deprecated, and will error in future. Ensure you extract a single element from your array before performing this operation. (Deprecated NumPy 1.25.)
  top_1_acc[0][i], top_5_acc[0][i], top_1_acc[1][i], top_5_acc[1][i], top_1_acc[2][i], top_5_acc[2][i], maj_acc[0][i], maj_acc[1][i], maj_acc[2][i], ts[0][i], ts[1][i], ts[2][i], ts[3][i] =  test(model, model_weight,  dataset, db_name, extractor, protocol, project_name, class_name, False, stat = True)
-----------------------------------------------------------------------------------------------
------------------------------------- Model 2 --------------------------------------------------
-----------------------------------------------------------------------------------------------
all
Some weights of DeiTForImageClassification were not initialized from the model checkpoint at facebook/deit-base-distilled-patch16-224 and are newly initialized: ['classifier.bias', 'classifier.weight']
You should probably TRAIN this model on a down-stream task to be able to use it for predictions and inference.
/home/labsig/anaconda3/envs/WP1/lib/python3.9/site-packages/torch/nn/utils/weight_norm.py:28: UserWarning: torch.nn.utils.weight_norm is deprecated in favor of torch.nn.utils.parametrizations.weight_norm.
  warnings.warn("torch.nn.utils.weight_norm is deprecated in favor of torch.nn.utils.parametrizations.weight_norm.")
/home/labsig/anaconda3/envs/WP1/lib/python3.9/site-packages/torchvision/models/_utils.py:208: UserWarning: The parameter 'pretrained' is deprecated since 0.13 and may be removed in the future, please use 'weights' instead.
  warnings.warn(
/home/labsig/anaconda3/envs/WP1/lib/python3.9/site-packages/torchvision/models/_utils.py:223: UserWarning: Arguments other than a weight enum or `None` for 'weights' are deprecated since 0.13 and may be removed in the future. The current behavior is equivalent to passing `weights=ResNet18_Weights.IMAGENET1K_V1`. You can also use `weights=ResNet18_Weights.DEFAULT` to get the most up-to-date weights.
  warnings.warn(msg)
Some weights of the model checkpoint at owkin/phikon were not used when initializing ViTModel: ['pooler.dense.bias', 'pooler.dense.weight']
- This IS expected if you are initializing ViTModel from the checkpoint of a model trained on another task or with another architecture (e.g. initializing a BertForSequenceClassification model from a BertForPreTraining model).
- This IS NOT expected if you are initializing ViTModel from the checkpoint of a model that you expect to be exactly identical (initializing a BertForSequenceClassification model from a BertForSequenceClassification model).
/home/labsig/anaconda3/envs/WP1/lib/python3.9/site-packages/torch/functional.py:512: UserWarning: torch.meshgrid: in an upcoming release, it will be required to pass the indexing argument. (Triggered internally at ../aten/src/ATen/native/TensorShape.cpp:3587.)
  return _VF.meshgrid(tensors, **kwargs)  # type: ignore[attr-defined]
/home/labsig/Documents/Axelle/cytomine/WP1/database/test_accuracy.py:543: DeprecationWarning: Conversion of an array with ndim > 0 to a scalar is deprecated, and will error in future. Ensure you extract a single element from your array before performing this operation. (Deprecated NumPy 1.25.)
  top_1_acc[0][i], top_5_acc[0][i], top_1_acc[1][i], top_5_acc[1][i], top_1_acc[2][i], top_5_acc[2][i], maj_acc[0][i], maj_acc[1][i], maj_acc[2][i], ts[0][i], ts[1][i], ts[2][i], ts[3][i] =  test(model, model_weight,  dataset, db_name, extractor, protocol, project_name, class_name, False, stat = True)
/home/labsig/Documents/Axelle/cytomine/WP1/database/test_accuracy.py:543: DeprecationWarning: Conversion of an array with ndim > 0 to a scalar is deprecated, and will error in future. Ensure you extract a single element from your array before performing this operation. (Deprecated NumPy 1.25.)
  top_1_acc[0][i], top_5_acc[0][i], top_1_acc[1][i], top_5_acc[1][i], top_1_acc[2][i], top_5_acc[2][i], maj_acc[0][i], maj_acc[1][i], maj_acc[2][i], ts[0][i], ts[1][i], ts[2][i], ts[3][i] =  test(model, model_weight,  dataset, db_name, extractor, protocol, project_name, class_name, False, stat = True)
/home/labsig/Documents/Axelle/cytomine/WP1/database/test_accuracy.py:543: DeprecationWarning: Conversion of an array with ndim > 0 to a scalar is deprecated, and will error in future. Ensure you extract a single element from your array before performing this operation. (Deprecated NumPy 1.25.)
  top_1_acc[0][i], top_5_acc[0][i], top_1_acc[1][i], top_5_acc[1][i], top_1_acc[2][i], top_5_acc[2][i], maj_acc[0][i], maj_acc[1][i], maj_acc[2][i], ts[0][i], ts[1][i], ts[2][i], ts[3][i] =  test(model, model_weight,  dataset, db_name, extractor, protocol, project_name, class_name, False, stat = True)
/home/labsig/Documents/Axelle/cytomine/WP1/database/test_accuracy.py:543: DeprecationWarning: Conversion of an array with ndim > 0 to a scalar is deprecated, and will error in future. Ensure you extract a single element from your array before performing this operation. (Deprecated NumPy 1.25.)
  top_1_acc[0][i], top_5_acc[0][i], top_1_acc[1][i], top_5_acc[1][i], top_1_acc[2][i], top_5_acc[2][i], maj_acc[0][i], maj_acc[1][i], maj_acc[2][i], ts[0][i], ts[1][i], ts[2][i], ts[3][i] =  test(model, model_weight,  dataset, db_name, extractor, protocol, project_name, class_name, False, stat = True)
/home/labsig/Documents/Axelle/cytomine/WP1/database/test_accuracy.py:543: DeprecationWarning: Conversion of an array with ndim > 0 to a scalar is deprecated, and will error in future. Ensure you extract a single element from your array before performing this operation. (Deprecated NumPy 1.25.)
  top_1_acc[0][i], top_5_acc[0][i], top_1_acc[1][i], top_5_acc[1][i], top_1_acc[2][i], top_5_acc[2][i], maj_acc[0][i], maj_acc[1][i], maj_acc[2][i], ts[0][i], ts[1][i], ts[2][i], ts[3][i] =  test(model, model_weight,  dataset, db_name, extractor, protocol, project_name, class_name, False, stat = True)
-----------------------------------------------------------------------------------------------
------------------------------------- Model 3 --------------------------------------------------
-----------------------------------------------------------------------------------------------
all
Some weights of DeiTForImageClassification were not initialized from the model checkpoint at facebook/deit-base-distilled-patch16-224 and are newly initialized: ['classifier.bias', 'classifier.weight']
You should probably TRAIN this model on a down-stream task to be able to use it for predictions and inference.
/home/labsig/anaconda3/envs/WP1/lib/python3.9/site-packages/torch/nn/utils/weight_norm.py:28: UserWarning: torch.nn.utils.weight_norm is deprecated in favor of torch.nn.utils.parametrizations.weight_norm.
  warnings.warn("torch.nn.utils.weight_norm is deprecated in favor of torch.nn.utils.parametrizations.weight_norm.")
/home/labsig/anaconda3/envs/WP1/lib/python3.9/site-packages/torchvision/models/_utils.py:208: UserWarning: The parameter 'pretrained' is deprecated since 0.13 and may be removed in the future, please use 'weights' instead.
  warnings.warn(
/home/labsig/anaconda3/envs/WP1/lib/python3.9/site-packages/torchvision/models/_utils.py:223: UserWarning: Arguments other than a weight enum or `None` for 'weights' are deprecated since 0.13 and may be removed in the future. The current behavior is equivalent to passing `weights=ResNet18_Weights.IMAGENET1K_V1`. You can also use `weights=ResNet18_Weights.DEFAULT` to get the most up-to-date weights.
  warnings.warn(msg)
Some weights of the model checkpoint at owkin/phikon were not used when initializing ViTModel: ['pooler.dense.bias', 'pooler.dense.weight']
- This IS expected if you are initializing ViTModel from the checkpoint of a model trained on another task or with another architecture (e.g. initializing a BertForSequenceClassification model from a BertForPreTraining model).
- This IS NOT expected if you are initializing ViTModel from the checkpoint of a model that you expect to be exactly identical (initializing a BertForSequenceClassification model from a BertForSequenceClassification model).
/home/labsig/anaconda3/envs/WP1/lib/python3.9/site-packages/torch/functional.py:512: UserWarning: torch.meshgrid: in an upcoming release, it will be required to pass the indexing argument. (Triggered internally at ../aten/src/ATen/native/TensorShape.cpp:3587.)
  return _VF.meshgrid(tensors, **kwargs)  # type: ignore[attr-defined]
/home/labsig/Documents/Axelle/cytomine/WP1/database/test_accuracy.py:543: DeprecationWarning: Conversion of an array with ndim > 0 to a scalar is deprecated, and will error in future. Ensure you extract a single element from your array before performing this operation. (Deprecated NumPy 1.25.)
  top_1_acc[0][i], top_5_acc[0][i], top_1_acc[1][i], top_5_acc[1][i], top_1_acc[2][i], top_5_acc[2][i], maj_acc[0][i], maj_acc[1][i], maj_acc[2][i], ts[0][i], ts[1][i], ts[2][i], ts[3][i] =  test(model, model_weight,  dataset, db_name, extractor, protocol, project_name, class_name, False, stat = True)
/home/labsig/Documents/Axelle/cytomine/WP1/database/test_accuracy.py:543: DeprecationWarning: Conversion of an array with ndim > 0 to a scalar is deprecated, and will error in future. Ensure you extract a single element from your array before performing this operation. (Deprecated NumPy 1.25.)
  top_1_acc[0][i], top_5_acc[0][i], top_1_acc[1][i], top_5_acc[1][i], top_1_acc[2][i], top_5_acc[2][i], maj_acc[0][i], maj_acc[1][i], maj_acc[2][i], ts[0][i], ts[1][i], ts[2][i], ts[3][i] =  test(model, model_weight,  dataset, db_name, extractor, protocol, project_name, class_name, False, stat = True)
/home/labsig/Documents/Axelle/cytomine/WP1/database/test_accuracy.py:543: DeprecationWarning: Conversion of an array with ndim > 0 to a scalar is deprecated, and will error in future. Ensure you extract a single element from your array before performing this operation. (Deprecated NumPy 1.25.)
  top_1_acc[0][i], top_5_acc[0][i], top_1_acc[1][i], top_5_acc[1][i], top_1_acc[2][i], top_5_acc[2][i], maj_acc[0][i], maj_acc[1][i], maj_acc[2][i], ts[0][i], ts[1][i], ts[2][i], ts[3][i] =  test(model, model_weight,  dataset, db_name, extractor, protocol, project_name, class_name, False, stat = True)
/home/labsig/Documents/Axelle/cytomine/WP1/database/test_accuracy.py:543: DeprecationWarning: Conversion of an array with ndim > 0 to a scalar is deprecated, and will error in future. Ensure you extract a single element from your array before performing this operation. (Deprecated NumPy 1.25.)
  top_1_acc[0][i], top_5_acc[0][i], top_1_acc[1][i], top_5_acc[1][i], top_1_acc[2][i], top_5_acc[2][i], maj_acc[0][i], maj_acc[1][i], maj_acc[2][i], ts[0][i], ts[1][i], ts[2][i], ts[3][i] =  test(model, model_weight,  dataset, db_name, extractor, protocol, project_name, class_name, False, stat = True)
/home/labsig/Documents/Axelle/cytomine/WP1/database/test_accuracy.py:543: DeprecationWarning: Conversion of an array with ndim > 0 to a scalar is deprecated, and will error in future. Ensure you extract a single element from your array before performing this operation. (Deprecated NumPy 1.25.)
  top_1_acc[0][i], top_5_acc[0][i], top_1_acc[1][i], top_5_acc[1][i], top_1_acc[2][i], top_5_acc[2][i], maj_acc[0][i], maj_acc[1][i], maj_acc[2][i], ts[0][i], ts[1][i], ts[2][i], ts[3][i] =  test(model, model_weight,  dataset, db_name, extractor, protocol, project_name, class_name, False, stat = True)
-----------------------------------------------------------------------------------------------
------------------------------------- Model 4 --------------------------------------------------
-----------------------------------------------------------------------------------------------
all
Some weights of DeiTForImageClassification were not initialized from the model checkpoint at facebook/deit-base-distilled-patch16-224 and are newly initialized: ['classifier.bias', 'classifier.weight']
You should probably TRAIN this model on a down-stream task to be able to use it for predictions and inference.
/home/labsig/anaconda3/envs/WP1/lib/python3.9/site-packages/torch/nn/utils/weight_norm.py:28: UserWarning: torch.nn.utils.weight_norm is deprecated in favor of torch.nn.utils.parametrizations.weight_norm.
  warnings.warn("torch.nn.utils.weight_norm is deprecated in favor of torch.nn.utils.parametrizations.weight_norm.")
/home/labsig/anaconda3/envs/WP1/lib/python3.9/site-packages/torchvision/models/_utils.py:208: UserWarning: The parameter 'pretrained' is deprecated since 0.13 and may be removed in the future, please use 'weights' instead.
  warnings.warn(
/home/labsig/anaconda3/envs/WP1/lib/python3.9/site-packages/torchvision/models/_utils.py:223: UserWarning: Arguments other than a weight enum or `None` for 'weights' are deprecated since 0.13 and may be removed in the future. The current behavior is equivalent to passing `weights=ResNet18_Weights.IMAGENET1K_V1`. You can also use `weights=ResNet18_Weights.DEFAULT` to get the most up-to-date weights.
  warnings.warn(msg)
Some weights of the model checkpoint at owkin/phikon were not used when initializing ViTModel: ['pooler.dense.bias', 'pooler.dense.weight']
- This IS expected if you are initializing ViTModel from the checkpoint of a model trained on another task or with another architecture (e.g. initializing a BertForSequenceClassification model from a BertForPreTraining model).
- This IS NOT expected if you are initializing ViTModel from the checkpoint of a model that you expect to be exactly identical (initializing a BertForSequenceClassification model from a BertForSequenceClassification model).
/home/labsig/anaconda3/envs/WP1/lib/python3.9/site-packages/torch/functional.py:512: UserWarning: torch.meshgrid: in an upcoming release, it will be required to pass the indexing argument. (Triggered internally at ../aten/src/ATen/native/TensorShape.cpp:3587.)
  return _VF.meshgrid(tensors, **kwargs)  # type: ignore[attr-defined]
/home/labsig/Documents/Axelle/cytomine/WP1/database/test_accuracy.py:543: DeprecationWarning: Conversion of an array with ndim > 0 to a scalar is deprecated, and will error in future. Ensure you extract a single element from your array before performing this operation. (Deprecated NumPy 1.25.)
  top_1_acc[0][i], top_5_acc[0][i], top_1_acc[1][i], top_5_acc[1][i], top_1_acc[2][i], top_5_acc[2][i], maj_acc[0][i], maj_acc[1][i], maj_acc[2][i], ts[0][i], ts[1][i], ts[2][i], ts[3][i] =  test(model, model_weight,  dataset, db_name, extractor, protocol, project_name, class_name, False, stat = True)
/home/labsig/Documents/Axelle/cytomine/WP1/database/test_accuracy.py:543: DeprecationWarning: Conversion of an array with ndim > 0 to a scalar is deprecated, and will error in future. Ensure you extract a single element from your array before performing this operation. (Deprecated NumPy 1.25.)
  top_1_acc[0][i], top_5_acc[0][i], top_1_acc[1][i], top_5_acc[1][i], top_1_acc[2][i], top_5_acc[2][i], maj_acc[0][i], maj_acc[1][i], maj_acc[2][i], ts[0][i], ts[1][i], ts[2][i], ts[3][i] =  test(model, model_weight,  dataset, db_name, extractor, protocol, project_name, class_name, False, stat = True)
/home/labsig/Documents/Axelle/cytomine/WP1/database/test_accuracy.py:543: DeprecationWarning: Conversion of an array with ndim > 0 to a scalar is deprecated, and will error in future. Ensure you extract a single element from your array before performing this operation. (Deprecated NumPy 1.25.)
  top_1_acc[0][i], top_5_acc[0][i], top_1_acc[1][i], top_5_acc[1][i], top_1_acc[2][i], top_5_acc[2][i], maj_acc[0][i], maj_acc[1][i], maj_acc[2][i], ts[0][i], ts[1][i], ts[2][i], ts[3][i] =  test(model, model_weight,  dataset, db_name, extractor, protocol, project_name, class_name, False, stat = True)
/home/labsig/Documents/Axelle/cytomine/WP1/database/test_accuracy.py:543: DeprecationWarning: Conversion of an array with ndim > 0 to a scalar is deprecated, and will error in future. Ensure you extract a single element from your array before performing this operation. (Deprecated NumPy 1.25.)
  top_1_acc[0][i], top_5_acc[0][i], top_1_acc[1][i], top_5_acc[1][i], top_1_acc[2][i], top_5_acc[2][i], maj_acc[0][i], maj_acc[1][i], maj_acc[2][i], ts[0][i], ts[1][i], ts[2][i], ts[3][i] =  test(model, model_weight,  dataset, db_name, extractor, protocol, project_name, class_name, False, stat = True)
/home/labsig/Documents/Axelle/cytomine/WP1/database/test_accuracy.py:543: DeprecationWarning: Conversion of an array with ndim > 0 to a scalar is deprecated, and will error in future. Ensure you extract a single element from your array before performing this operation. (Deprecated NumPy 1.25.)
  top_1_acc[0][i], top_5_acc[0][i], top_1_acc[1][i], top_5_acc[1][i], top_1_acc[2][i], top_5_acc[2][i], maj_acc[0][i], maj_acc[1][i], maj_acc[2][i], ts[0][i], ts[1][i], ts[2][i], ts[3][i] =  test(model, model_weight,  dataset, db_name, extractor, protocol, project_name, class_name, False, stat = True)
-----------------------------------------------------------------------------------------------
------------------------------------- Model 5 --------------------------------------------------
-----------------------------------------------------------------------------------------------
all
Some weights of DeiTForImageClassification were not initialized from the model checkpoint at facebook/deit-base-distilled-patch16-224 and are newly initialized: ['classifier.bias', 'classifier.weight']
You should probably TRAIN this model on a down-stream task to be able to use it for predictions and inference.
/home/labsig/anaconda3/envs/WP1/lib/python3.9/site-packages/torch/nn/utils/weight_norm.py:28: UserWarning: torch.nn.utils.weight_norm is deprecated in favor of torch.nn.utils.parametrizations.weight_norm.
  warnings.warn("torch.nn.utils.weight_norm is deprecated in favor of torch.nn.utils.parametrizations.weight_norm.")
/home/labsig/anaconda3/envs/WP1/lib/python3.9/site-packages/torchvision/models/_utils.py:208: UserWarning: The parameter 'pretrained' is deprecated since 0.13 and may be removed in the future, please use 'weights' instead.
  warnings.warn(
/home/labsig/anaconda3/envs/WP1/lib/python3.9/site-packages/torchvision/models/_utils.py:223: UserWarning: Arguments other than a weight enum or `None` for 'weights' are deprecated since 0.13 and may be removed in the future. The current behavior is equivalent to passing `weights=ResNet18_Weights.IMAGENET1K_V1`. You can also use `weights=ResNet18_Weights.DEFAULT` to get the most up-to-date weights.
  warnings.warn(msg)
Some weights of the model checkpoint at owkin/phikon were not used when initializing ViTModel: ['pooler.dense.bias', 'pooler.dense.weight']
- This IS expected if you are initializing ViTModel from the checkpoint of a model trained on another task or with another architecture (e.g. initializing a BertForSequenceClassification model from a BertForPreTraining model).
- This IS NOT expected if you are initializing ViTModel from the checkpoint of a model that you expect to be exactly identical (initializing a BertForSequenceClassification model from a BertForSequenceClassification model).
/home/labsig/anaconda3/envs/WP1/lib/python3.9/site-packages/torch/functional.py:512: UserWarning: torch.meshgrid: in an upcoming release, it will be required to pass the indexing argument. (Triggered internally at ../aten/src/ATen/native/TensorShape.cpp:3587.)
  return _VF.meshgrid(tensors, **kwargs)  # type: ignore[attr-defined]
/home/labsig/Documents/Axelle/cytomine/WP1/database/test_accuracy.py:543: DeprecationWarning: Conversion of an array with ndim > 0 to a scalar is deprecated, and will error in future. Ensure you extract a single element from your array before performing this operation. (Deprecated NumPy 1.25.)
  top_1_acc[0][i], top_5_acc[0][i], top_1_acc[1][i], top_5_acc[1][i], top_1_acc[2][i], top_5_acc[2][i], maj_acc[0][i], maj_acc[1][i], maj_acc[2][i], ts[0][i], ts[1][i], ts[2][i], ts[3][i] =  test(model, model_weight,  dataset, db_name, extractor, protocol, project_name, class_name, False, stat = True)
/home/labsig/Documents/Axelle/cytomine/WP1/database/test_accuracy.py:543: DeprecationWarning: Conversion of an array with ndim > 0 to a scalar is deprecated, and will error in future. Ensure you extract a single element from your array before performing this operation. (Deprecated NumPy 1.25.)
  top_1_acc[0][i], top_5_acc[0][i], top_1_acc[1][i], top_5_acc[1][i], top_1_acc[2][i], top_5_acc[2][i], maj_acc[0][i], maj_acc[1][i], maj_acc[2][i], ts[0][i], ts[1][i], ts[2][i], ts[3][i] =  test(model, model_weight,  dataset, db_name, extractor, protocol, project_name, class_name, False, stat = True)
/home/labsig/Documents/Axelle/cytomine/WP1/database/test_accuracy.py:543: DeprecationWarning: Conversion of an array with ndim > 0 to a scalar is deprecated, and will error in future. Ensure you extract a single element from your array before performing this operation. (Deprecated NumPy 1.25.)
  top_1_acc[0][i], top_5_acc[0][i], top_1_acc[1][i], top_5_acc[1][i], top_1_acc[2][i], top_5_acc[2][i], maj_acc[0][i], maj_acc[1][i], maj_acc[2][i], ts[0][i], ts[1][i], ts[2][i], ts[3][i] =  test(model, model_weight,  dataset, db_name, extractor, protocol, project_name, class_name, False, stat = True)
/home/labsig/Documents/Axelle/cytomine/WP1/database/test_accuracy.py:543: DeprecationWarning: Conversion of an array with ndim > 0 to a scalar is deprecated, and will error in future. Ensure you extract a single element from your array before performing this operation. (Deprecated NumPy 1.25.)
  top_1_acc[0][i], top_5_acc[0][i], top_1_acc[1][i], top_5_acc[1][i], top_1_acc[2][i], top_5_acc[2][i], maj_acc[0][i], maj_acc[1][i], maj_acc[2][i], ts[0][i], ts[1][i], ts[2][i], ts[3][i] =  test(model, model_weight,  dataset, db_name, extractor, protocol, project_name, class_name, False, stat = True)
/home/labsig/Documents/Axelle/cytomine/WP1/database/test_accuracy.py:543: DeprecationWarning: Conversion of an array with ndim > 0 to a scalar is deprecated, and will error in future. Ensure you extract a single element from your array before performing this operation. (Deprecated NumPy 1.25.)
  top_1_acc[0][i], top_5_acc[0][i], top_1_acc[1][i], top_5_acc[1][i], top_1_acc[2][i], top_5_acc[2][i], maj_acc[0][i], maj_acc[1][i], maj_acc[2][i], ts[0][i], ts[1][i], ts[2][i], ts[3][i] =  test(model, model_weight,  dataset, db_name, extractor, protocol, project_name, class_name, False, stat = True)
-----------------------------------------------------------------------------------------------
------------------------------------- Model 6 --------------------------------------------------
-----------------------------------------------------------------------------------------------
all
Some weights of DeiTForImageClassification were not initialized from the model checkpoint at facebook/deit-base-distilled-patch16-224 and are newly initialized: ['classifier.bias', 'classifier.weight']
You should probably TRAIN this model on a down-stream task to be able to use it for predictions and inference.
/home/labsig/anaconda3/envs/WP1/lib/python3.9/site-packages/torch/nn/utils/weight_norm.py:28: UserWarning: torch.nn.utils.weight_norm is deprecated in favor of torch.nn.utils.parametrizations.weight_norm.
  warnings.warn("torch.nn.utils.weight_norm is deprecated in favor of torch.nn.utils.parametrizations.weight_norm.")
/home/labsig/anaconda3/envs/WP1/lib/python3.9/site-packages/torchvision/models/_utils.py:208: UserWarning: The parameter 'pretrained' is deprecated since 0.13 and may be removed in the future, please use 'weights' instead.
  warnings.warn(
/home/labsig/anaconda3/envs/WP1/lib/python3.9/site-packages/torchvision/models/_utils.py:223: UserWarning: Arguments other than a weight enum or `None` for 'weights' are deprecated since 0.13 and may be removed in the future. The current behavior is equivalent to passing `weights=ResNet18_Weights.IMAGENET1K_V1`. You can also use `weights=ResNet18_Weights.DEFAULT` to get the most up-to-date weights.
  warnings.warn(msg)
Some weights of the model checkpoint at owkin/phikon were not used when initializing ViTModel: ['pooler.dense.bias', 'pooler.dense.weight']
- This IS expected if you are initializing ViTModel from the checkpoint of a model trained on another task or with another architecture (e.g. initializing a BertForSequenceClassification model from a BertForPreTraining model).
- This IS NOT expected if you are initializing ViTModel from the checkpoint of a model that you expect to be exactly identical (initializing a BertForSequenceClassification model from a BertForSequenceClassification model).
/home/labsig/anaconda3/envs/WP1/lib/python3.9/site-packages/torch/functional.py:512: UserWarning: torch.meshgrid: in an upcoming release, it will be required to pass the indexing argument. (Triggered internally at ../aten/src/ATen/native/TensorShape.cpp:3587.)
  return _VF.meshgrid(tensors, **kwargs)  # type: ignore[attr-defined]
/home/labsig/Documents/Axelle/cytomine/WP1/database/test_accuracy.py:543: DeprecationWarning: Conversion of an array with ndim > 0 to a scalar is deprecated, and will error in future. Ensure you extract a single element from your array before performing this operation. (Deprecated NumPy 1.25.)
  top_1_acc[0][i], top_5_acc[0][i], top_1_acc[1][i], top_5_acc[1][i], top_1_acc[2][i], top_5_acc[2][i], maj_acc[0][i], maj_acc[1][i], maj_acc[2][i], ts[0][i], ts[1][i], ts[2][i], ts[3][i] =  test(model, model_weight,  dataset, db_name, extractor, protocol, project_name, class_name, False, stat = True)
/home/labsig/Documents/Axelle/cytomine/WP1/database/test_accuracy.py:543: DeprecationWarning: Conversion of an array with ndim > 0 to a scalar is deprecated, and will error in future. Ensure you extract a single element from your array before performing this operation. (Deprecated NumPy 1.25.)
  top_1_acc[0][i], top_5_acc[0][i], top_1_acc[1][i], top_5_acc[1][i], top_1_acc[2][i], top_5_acc[2][i], maj_acc[0][i], maj_acc[1][i], maj_acc[2][i], ts[0][i], ts[1][i], ts[2][i], ts[3][i] =  test(model, model_weight,  dataset, db_name, extractor, protocol, project_name, class_name, False, stat = True)
/home/labsig/Documents/Axelle/cytomine/WP1/database/test_accuracy.py:543: DeprecationWarning: Conversion of an array with ndim > 0 to a scalar is deprecated, and will error in future. Ensure you extract a single element from your array before performing this operation. (Deprecated NumPy 1.25.)
  top_1_acc[0][i], top_5_acc[0][i], top_1_acc[1][i], top_5_acc[1][i], top_1_acc[2][i], top_5_acc[2][i], maj_acc[0][i], maj_acc[1][i], maj_acc[2][i], ts[0][i], ts[1][i], ts[2][i], ts[3][i] =  test(model, model_weight,  dataset, db_name, extractor, protocol, project_name, class_name, False, stat = True)
/home/labsig/Documents/Axelle/cytomine/WP1/database/test_accuracy.py:543: DeprecationWarning: Conversion of an array with ndim > 0 to a scalar is deprecated, and will error in future. Ensure you extract a single element from your array before performing this operation. (Deprecated NumPy 1.25.)
  top_1_acc[0][i], top_5_acc[0][i], top_1_acc[1][i], top_5_acc[1][i], top_1_acc[2][i], top_5_acc[2][i], maj_acc[0][i], maj_acc[1][i], maj_acc[2][i], ts[0][i], ts[1][i], ts[2][i], ts[3][i] =  test(model, model_weight,  dataset, db_name, extractor, protocol, project_name, class_name, False, stat = True)
/home/labsig/Documents/Axelle/cytomine/WP1/database/test_accuracy.py:543: DeprecationWarning: Conversion of an array with ndim > 0 to a scalar is deprecated, and will error in future. Ensure you extract a single element from your array before performing this operation. (Deprecated NumPy 1.25.)
  top_1_acc[0][i], top_5_acc[0][i], top_1_acc[1][i], top_5_acc[1][i], top_1_acc[2][i], top_5_acc[2][i], maj_acc[0][i], maj_acc[1][i], maj_acc[2][i], ts[0][i], ts[1][i], ts[2][i], ts[3][i] =  test(model, model_weight,  dataset, db_name, extractor, protocol, project_name, class_name, False, stat = True)
-----------------------------------------------------------------------------------------------
------------------------------------- Model 7 --------------------------------------------------
-----------------------------------------------------------------------------------------------
all
Some weights of DeiTForImageClassification were not initialized from the model checkpoint at facebook/deit-base-distilled-patch16-224 and are newly initialized: ['classifier.bias', 'classifier.weight']
You should probably TRAIN this model on a down-stream task to be able to use it for predictions and inference.
/home/labsig/anaconda3/envs/WP1/lib/python3.9/site-packages/torch/nn/utils/weight_norm.py:28: UserWarning: torch.nn.utils.weight_norm is deprecated in favor of torch.nn.utils.parametrizations.weight_norm.
  warnings.warn("torch.nn.utils.weight_norm is deprecated in favor of torch.nn.utils.parametrizations.weight_norm.")
/home/labsig/anaconda3/envs/WP1/lib/python3.9/site-packages/torchvision/models/_utils.py:208: UserWarning: The parameter 'pretrained' is deprecated since 0.13 and may be removed in the future, please use 'weights' instead.
  warnings.warn(
/home/labsig/anaconda3/envs/WP1/lib/python3.9/site-packages/torchvision/models/_utils.py:223: UserWarning: Arguments other than a weight enum or `None` for 'weights' are deprecated since 0.13 and may be removed in the future. The current behavior is equivalent to passing `weights=ResNet18_Weights.IMAGENET1K_V1`. You can also use `weights=ResNet18_Weights.DEFAULT` to get the most up-to-date weights.
  warnings.warn(msg)
Some weights of the model checkpoint at owkin/phikon were not used when initializing ViTModel: ['pooler.dense.bias', 'pooler.dense.weight']
- This IS expected if you are initializing ViTModel from the checkpoint of a model trained on another task or with another architecture (e.g. initializing a BertForSequenceClassification model from a BertForPreTraining model).
- This IS NOT expected if you are initializing ViTModel from the checkpoint of a model that you expect to be exactly identical (initializing a BertForSequenceClassification model from a BertForSequenceClassification model).
/home/labsig/anaconda3/envs/WP1/lib/python3.9/site-packages/torch/functional.py:512: UserWarning: torch.meshgrid: in an upcoming release, it will be required to pass the indexing argument. (Triggered internally at ../aten/src/ATen/native/TensorShape.cpp:3587.)
  return _VF.meshgrid(tensors, **kwargs)  # type: ignore[attr-defined]
/home/labsig/Documents/Axelle/cytomine/WP1/database/test_accuracy.py:543: DeprecationWarning: Conversion of an array with ndim > 0 to a scalar is deprecated, and will error in future. Ensure you extract a single element from your array before performing this operation. (Deprecated NumPy 1.25.)
  top_1_acc[0][i], top_5_acc[0][i], top_1_acc[1][i], top_5_acc[1][i], top_1_acc[2][i], top_5_acc[2][i], maj_acc[0][i], maj_acc[1][i], maj_acc[2][i], ts[0][i], ts[1][i], ts[2][i], ts[3][i] =  test(model, model_weight,  dataset, db_name, extractor, protocol, project_name, class_name, False, stat = True)
/home/labsig/Documents/Axelle/cytomine/WP1/database/test_accuracy.py:543: DeprecationWarning: Conversion of an array with ndim > 0 to a scalar is deprecated, and will error in future. Ensure you extract a single element from your array before performing this operation. (Deprecated NumPy 1.25.)
  top_1_acc[0][i], top_5_acc[0][i], top_1_acc[1][i], top_5_acc[1][i], top_1_acc[2][i], top_5_acc[2][i], maj_acc[0][i], maj_acc[1][i], maj_acc[2][i], ts[0][i], ts[1][i], ts[2][i], ts[3][i] =  test(model, model_weight,  dataset, db_name, extractor, protocol, project_name, class_name, False, stat = True)
/home/labsig/Documents/Axelle/cytomine/WP1/database/test_accuracy.py:543: DeprecationWarning: Conversion of an array with ndim > 0 to a scalar is deprecated, and will error in future. Ensure you extract a single element from your array before performing this operation. (Deprecated NumPy 1.25.)
  top_1_acc[0][i], top_5_acc[0][i], top_1_acc[1][i], top_5_acc[1][i], top_1_acc[2][i], top_5_acc[2][i], maj_acc[0][i], maj_acc[1][i], maj_acc[2][i], ts[0][i], ts[1][i], ts[2][i], ts[3][i] =  test(model, model_weight,  dataset, db_name, extractor, protocol, project_name, class_name, False, stat = True)
/home/labsig/Documents/Axelle/cytomine/WP1/database/test_accuracy.py:543: DeprecationWarning: Conversion of an array with ndim > 0 to a scalar is deprecated, and will error in future. Ensure you extract a single element from your array before performing this operation. (Deprecated NumPy 1.25.)
  top_1_acc[0][i], top_5_acc[0][i], top_1_acc[1][i], top_5_acc[1][i], top_1_acc[2][i], top_5_acc[2][i], maj_acc[0][i], maj_acc[1][i], maj_acc[2][i], ts[0][i], ts[1][i], ts[2][i], ts[3][i] =  test(model, model_weight,  dataset, db_name, extractor, protocol, project_name, class_name, False, stat = True)
/home/labsig/Documents/Axelle/cytomine/WP1/database/test_accuracy.py:543: DeprecationWarning: Conversion of an array with ndim > 0 to a scalar is deprecated, and will error in future. Ensure you extract a single element from your array before performing this operation. (Deprecated NumPy 1.25.)
  top_1_acc[0][i], top_5_acc[0][i], top_1_acc[1][i], top_5_acc[1][i], top_1_acc[2][i], top_5_acc[2][i], maj_acc[0][i], maj_acc[1][i], maj_acc[2][i], ts[0][i], ts[1][i], ts[2][i], ts[3][i] =  test(model, model_weight,  dataset, db_name, extractor, protocol, project_name, class_name, False, stat = True)
-----------------------------------------------------------------------------------------------
------------------------------------- Model 8 --------------------------------------------------
-----------------------------------------------------------------------------------------------
all
Some weights of DeiTForImageClassification were not initialized from the model checkpoint at facebook/deit-base-distilled-patch16-224 and are newly initialized: ['classifier.bias', 'classifier.weight']
You should probably TRAIN this model on a down-stream task to be able to use it for predictions and inference.
/home/labsig/anaconda3/envs/WP1/lib/python3.9/site-packages/torch/nn/utils/weight_norm.py:28: UserWarning: torch.nn.utils.weight_norm is deprecated in favor of torch.nn.utils.parametrizations.weight_norm.
  warnings.warn("torch.nn.utils.weight_norm is deprecated in favor of torch.nn.utils.parametrizations.weight_norm.")
/home/labsig/anaconda3/envs/WP1/lib/python3.9/site-packages/torchvision/models/_utils.py:208: UserWarning: The parameter 'pretrained' is deprecated since 0.13 and may be removed in the future, please use 'weights' instead.
  warnings.warn(
/home/labsig/anaconda3/envs/WP1/lib/python3.9/site-packages/torchvision/models/_utils.py:223: UserWarning: Arguments other than a weight enum or `None` for 'weights' are deprecated since 0.13 and may be removed in the future. The current behavior is equivalent to passing `weights=ResNet18_Weights.IMAGENET1K_V1`. You can also use `weights=ResNet18_Weights.DEFAULT` to get the most up-to-date weights.
  warnings.warn(msg)
Some weights of the model checkpoint at owkin/phikon were not used when initializing ViTModel: ['pooler.dense.bias', 'pooler.dense.weight']
- This IS expected if you are initializing ViTModel from the checkpoint of a model trained on another task or with another architecture (e.g. initializing a BertForSequenceClassification model from a BertForPreTraining model).
- This IS NOT expected if you are initializing ViTModel from the checkpoint of a model that you expect to be exactly identical (initializing a BertForSequenceClassification model from a BertForSequenceClassification model).
/home/labsig/anaconda3/envs/WP1/lib/python3.9/site-packages/torch/functional.py:512: UserWarning: torch.meshgrid: in an upcoming release, it will be required to pass the indexing argument. (Triggered internally at ../aten/src/ATen/native/TensorShape.cpp:3587.)
  return _VF.meshgrid(tensors, **kwargs)  # type: ignore[attr-defined]
/home/labsig/Documents/Axelle/cytomine/WP1/database/test_accuracy.py:543: DeprecationWarning: Conversion of an array with ndim > 0 to a scalar is deprecated, and will error in future. Ensure you extract a single element from your array before performing this operation. (Deprecated NumPy 1.25.)
  top_1_acc[0][i], top_5_acc[0][i], top_1_acc[1][i], top_5_acc[1][i], top_1_acc[2][i], top_5_acc[2][i], maj_acc[0][i], maj_acc[1][i], maj_acc[2][i], ts[0][i], ts[1][i], ts[2][i], ts[3][i] =  test(model, model_weight,  dataset, db_name, extractor, protocol, project_name, class_name, False, stat = True)
/home/labsig/Documents/Axelle/cytomine/WP1/database/test_accuracy.py:543: DeprecationWarning: Conversion of an array with ndim > 0 to a scalar is deprecated, and will error in future. Ensure you extract a single element from your array before performing this operation. (Deprecated NumPy 1.25.)
  top_1_acc[0][i], top_5_acc[0][i], top_1_acc[1][i], top_5_acc[1][i], top_1_acc[2][i], top_5_acc[2][i], maj_acc[0][i], maj_acc[1][i], maj_acc[2][i], ts[0][i], ts[1][i], ts[2][i], ts[3][i] =  test(model, model_weight,  dataset, db_name, extractor, protocol, project_name, class_name, False, stat = True)
/home/labsig/Documents/Axelle/cytomine/WP1/database/test_accuracy.py:543: DeprecationWarning: Conversion of an array with ndim > 0 to a scalar is deprecated, and will error in future. Ensure you extract a single element from your array before performing this operation. (Deprecated NumPy 1.25.)
  top_1_acc[0][i], top_5_acc[0][i], top_1_acc[1][i], top_5_acc[1][i], top_1_acc[2][i], top_5_acc[2][i], maj_acc[0][i], maj_acc[1][i], maj_acc[2][i], ts[0][i], ts[1][i], ts[2][i], ts[3][i] =  test(model, model_weight,  dataset, db_name, extractor, protocol, project_name, class_name, False, stat = True)
/home/labsig/Documents/Axelle/cytomine/WP1/database/test_accuracy.py:543: DeprecationWarning: Conversion of an array with ndim > 0 to a scalar is deprecated, and will error in future. Ensure you extract a single element from your array before performing this operation. (Deprecated NumPy 1.25.)
  top_1_acc[0][i], top_5_acc[0][i], top_1_acc[1][i], top_5_acc[1][i], top_1_acc[2][i], top_5_acc[2][i], maj_acc[0][i], maj_acc[1][i], maj_acc[2][i], ts[0][i], ts[1][i], ts[2][i], ts[3][i] =  test(model, model_weight,  dataset, db_name, extractor, protocol, project_name, class_name, False, stat = True)
/home/labsig/Documents/Axelle/cytomine/WP1/database/test_accuracy.py:543: DeprecationWarning: Conversion of an array with ndim > 0 to a scalar is deprecated, and will error in future. Ensure you extract a single element from your array before performing this operation. (Deprecated NumPy 1.25.)
  top_1_acc[0][i], top_5_acc[0][i], top_1_acc[1][i], top_5_acc[1][i], top_1_acc[2][i], top_5_acc[2][i], maj_acc[0][i], maj_acc[1][i], maj_acc[2][i], ts[0][i], ts[1][i], ts[2][i], ts[3][i] =  test(model, model_weight,  dataset, db_name, extractor, protocol, project_name, class_name, False, stat = True)
-----------------------------------------------------------------------------------------------
------------------------------------- Model 9 --------------------------------------------------
-----------------------------------------------------------------------------------------------
all
Some weights of DeiTForImageClassification were not initialized from the model checkpoint at facebook/deit-base-distilled-patch16-224 and are newly initialized: ['classifier.bias', 'classifier.weight']
You should probably TRAIN this model on a down-stream task to be able to use it for predictions and inference.
/home/labsig/anaconda3/envs/WP1/lib/python3.9/site-packages/torch/nn/utils/weight_norm.py:28: UserWarning: torch.nn.utils.weight_norm is deprecated in favor of torch.nn.utils.parametrizations.weight_norm.
  warnings.warn("torch.nn.utils.weight_norm is deprecated in favor of torch.nn.utils.parametrizations.weight_norm.")
/home/labsig/anaconda3/envs/WP1/lib/python3.9/site-packages/torchvision/models/_utils.py:208: UserWarning: The parameter 'pretrained' is deprecated since 0.13 and may be removed in the future, please use 'weights' instead.
  warnings.warn(
/home/labsig/anaconda3/envs/WP1/lib/python3.9/site-packages/torchvision/models/_utils.py:223: UserWarning: Arguments other than a weight enum or `None` for 'weights' are deprecated since 0.13 and may be removed in the future. The current behavior is equivalent to passing `weights=ResNet18_Weights.IMAGENET1K_V1`. You can also use `weights=ResNet18_Weights.DEFAULT` to get the most up-to-date weights.
  warnings.warn(msg)
Some weights of the model checkpoint at owkin/phikon were not used when initializing ViTModel: ['pooler.dense.bias', 'pooler.dense.weight']
- This IS expected if you are initializing ViTModel from the checkpoint of a model trained on another task or with another architecture (e.g. initializing a BertForSequenceClassification model from a BertForPreTraining model).
- This IS NOT expected if you are initializing ViTModel from the checkpoint of a model that you expect to be exactly identical (initializing a BertForSequenceClassification model from a BertForSequenceClassification model).
/home/labsig/anaconda3/envs/WP1/lib/python3.9/site-packages/torch/functional.py:512: UserWarning: torch.meshgrid: in an upcoming release, it will be required to pass the indexing argument. (Triggered internally at ../aten/src/ATen/native/TensorShape.cpp:3587.)
  return _VF.meshgrid(tensors, **kwargs)  # type: ignore[attr-defined]
/home/labsig/Documents/Axelle/cytomine/WP1/database/test_accuracy.py:543: DeprecationWarning: Conversion of an array with ndim > 0 to a scalar is deprecated, and will error in future. Ensure you extract a single element from your array before performing this operation. (Deprecated NumPy 1.25.)
  top_1_acc[0][i], top_5_acc[0][i], top_1_acc[1][i], top_5_acc[1][i], top_1_acc[2][i], top_5_acc[2][i], maj_acc[0][i], maj_acc[1][i], maj_acc[2][i], ts[0][i], ts[1][i], ts[2][i], ts[3][i] =  test(model, model_weight,  dataset, db_name, extractor, protocol, project_name, class_name, False, stat = True)
/home/labsig/Documents/Axelle/cytomine/WP1/database/test_accuracy.py:543: DeprecationWarning: Conversion of an array with ndim > 0 to a scalar is deprecated, and will error in future. Ensure you extract a single element from your array before performing this operation. (Deprecated NumPy 1.25.)
  top_1_acc[0][i], top_5_acc[0][i], top_1_acc[1][i], top_5_acc[1][i], top_1_acc[2][i], top_5_acc[2][i], maj_acc[0][i], maj_acc[1][i], maj_acc[2][i], ts[0][i], ts[1][i], ts[2][i], ts[3][i] =  test(model, model_weight,  dataset, db_name, extractor, protocol, project_name, class_name, False, stat = True)
/home/labsig/Documents/Axelle/cytomine/WP1/database/test_accuracy.py:543: DeprecationWarning: Conversion of an array with ndim > 0 to a scalar is deprecated, and will error in future. Ensure you extract a single element from your array before performing this operation. (Deprecated NumPy 1.25.)
  top_1_acc[0][i], top_5_acc[0][i], top_1_acc[1][i], top_5_acc[1][i], top_1_acc[2][i], top_5_acc[2][i], maj_acc[0][i], maj_acc[1][i], maj_acc[2][i], ts[0][i], ts[1][i], ts[2][i], ts[3][i] =  test(model, model_weight,  dataset, db_name, extractor, protocol, project_name, class_name, False, stat = True)
/home/labsig/Documents/Axelle/cytomine/WP1/database/test_accuracy.py:543: DeprecationWarning: Conversion of an array with ndim > 0 to a scalar is deprecated, and will error in future. Ensure you extract a single element from your array before performing this operation. (Deprecated NumPy 1.25.)
  top_1_acc[0][i], top_5_acc[0][i], top_1_acc[1][i], top_5_acc[1][i], top_1_acc[2][i], top_5_acc[2][i], maj_acc[0][i], maj_acc[1][i], maj_acc[2][i], ts[0][i], ts[1][i], ts[2][i], ts[3][i] =  test(model, model_weight,  dataset, db_name, extractor, protocol, project_name, class_name, False, stat = True)
/home/labsig/Documents/Axelle/cytomine/WP1/database/test_accuracy.py:543: DeprecationWarning: Conversion of an array with ndim > 0 to a scalar is deprecated, and will error in future. Ensure you extract a single element from your array before performing this operation. (Deprecated NumPy 1.25.)
  top_1_acc[0][i], top_5_acc[0][i], top_1_acc[1][i], top_5_acc[1][i], top_1_acc[2][i], top_5_acc[2][i], maj_acc[0][i], maj_acc[1][i], maj_acc[2][i], ts[0][i], ts[1][i], ts[2][i], ts[3][i] =  test(model, model_weight,  dataset, db_name, extractor, protocol, project_name, class_name, False, stat = True)
-----------------------------------------------------------------------------------------------
------------------------------------- Model 10 --------------------------------------------------
-----------------------------------------------------------------------------------------------
all
Some weights of DeiTForImageClassification were not initialized from the model checkpoint at facebook/deit-base-distilled-patch16-224 and are newly initialized: ['classifier.bias', 'classifier.weight']
You should probably TRAIN this model on a down-stream task to be able to use it for predictions and inference.
/home/labsig/anaconda3/envs/WP1/lib/python3.9/site-packages/torch/nn/utils/weight_norm.py:28: UserWarning: torch.nn.utils.weight_norm is deprecated in favor of torch.nn.utils.parametrizations.weight_norm.
  warnings.warn("torch.nn.utils.weight_norm is deprecated in favor of torch.nn.utils.parametrizations.weight_norm.")
/home/labsig/anaconda3/envs/WP1/lib/python3.9/site-packages/torchvision/models/_utils.py:208: UserWarning: The parameter 'pretrained' is deprecated since 0.13 and may be removed in the future, please use 'weights' instead.
  warnings.warn(
/home/labsig/anaconda3/envs/WP1/lib/python3.9/site-packages/torchvision/models/_utils.py:223: UserWarning: Arguments other than a weight enum or `None` for 'weights' are deprecated since 0.13 and may be removed in the future. The current behavior is equivalent to passing `weights=ResNet18_Weights.IMAGENET1K_V1`. You can also use `weights=ResNet18_Weights.DEFAULT` to get the most up-to-date weights.
  warnings.warn(msg)
Some weights of the model checkpoint at owkin/phikon were not used when initializing ViTModel: ['pooler.dense.bias', 'pooler.dense.weight']
- This IS expected if you are initializing ViTModel from the checkpoint of a model trained on another task or with another architecture (e.g. initializing a BertForSequenceClassification model from a BertForPreTraining model).
- This IS NOT expected if you are initializing ViTModel from the checkpoint of a model that you expect to be exactly identical (initializing a BertForSequenceClassification model from a BertForSequenceClassification model).
/home/labsig/anaconda3/envs/WP1/lib/python3.9/site-packages/torch/functional.py:512: UserWarning: torch.meshgrid: in an upcoming release, it will be required to pass the indexing argument. (Triggered internally at ../aten/src/ATen/native/TensorShape.cpp:3587.)
  return _VF.meshgrid(tensors, **kwargs)  # type: ignore[attr-defined]
/home/labsig/Documents/Axelle/cytomine/WP1/database/test_accuracy.py:543: DeprecationWarning: Conversion of an array with ndim > 0 to a scalar is deprecated, and will error in future. Ensure you extract a single element from your array before performing this operation. (Deprecated NumPy 1.25.)
  top_1_acc[0][i], top_5_acc[0][i], top_1_acc[1][i], top_5_acc[1][i], top_1_acc[2][i], top_5_acc[2][i], maj_acc[0][i], maj_acc[1][i], maj_acc[2][i], ts[0][i], ts[1][i], ts[2][i], ts[3][i] =  test(model, model_weight,  dataset, db_name, extractor, protocol, project_name, class_name, False, stat = True)
/home/labsig/Documents/Axelle/cytomine/WP1/database/test_accuracy.py:543: DeprecationWarning: Conversion of an array with ndim > 0 to a scalar is deprecated, and will error in future. Ensure you extract a single element from your array before performing this operation. (Deprecated NumPy 1.25.)
  top_1_acc[0][i], top_5_acc[0][i], top_1_acc[1][i], top_5_acc[1][i], top_1_acc[2][i], top_5_acc[2][i], maj_acc[0][i], maj_acc[1][i], maj_acc[2][i], ts[0][i], ts[1][i], ts[2][i], ts[3][i] =  test(model, model_weight,  dataset, db_name, extractor, protocol, project_name, class_name, False, stat = True)
/home/labsig/Documents/Axelle/cytomine/WP1/database/test_accuracy.py:543: DeprecationWarning: Conversion of an array with ndim > 0 to a scalar is deprecated, and will error in future. Ensure you extract a single element from your array before performing this operation. (Deprecated NumPy 1.25.)
  top_1_acc[0][i], top_5_acc[0][i], top_1_acc[1][i], top_5_acc[1][i], top_1_acc[2][i], top_5_acc[2][i], maj_acc[0][i], maj_acc[1][i], maj_acc[2][i], ts[0][i], ts[1][i], ts[2][i], ts[3][i] =  test(model, model_weight,  dataset, db_name, extractor, protocol, project_name, class_name, False, stat = True)
/home/labsig/Documents/Axelle/cytomine/WP1/database/test_accuracy.py:543: DeprecationWarning: Conversion of an array with ndim > 0 to a scalar is deprecated, and will error in future. Ensure you extract a single element from your array before performing this operation. (Deprecated NumPy 1.25.)
  top_1_acc[0][i], top_5_acc[0][i], top_1_acc[1][i], top_5_acc[1][i], top_1_acc[2][i], top_5_acc[2][i], maj_acc[0][i], maj_acc[1][i], maj_acc[2][i], ts[0][i], ts[1][i], ts[2][i], ts[3][i] =  test(model, model_weight,  dataset, db_name, extractor, protocol, project_name, class_name, False, stat = True)
/home/labsig/Documents/Axelle/cytomine/WP1/database/test_accuracy.py:543: DeprecationWarning: Conversion of an array with ndim > 0 to a scalar is deprecated, and will error in future. Ensure you extract a single element from your array before performing this operation. (Deprecated NumPy 1.25.)
  top_1_acc[0][i], top_5_acc[0][i], top_1_acc[1][i], top_5_acc[1][i], top_1_acc[2][i], top_5_acc[2][i], maj_acc[0][i], maj_acc[1][i], maj_acc[2][i], ts[0][i], ts[1][i], ts[2][i], ts[3][i] =  test(model, model_weight,  dataset, db_name, extractor, protocol, project_name, class_name, False, stat = True)
-----------------------------------------------------------------------------------------------
------------------------------------- Model 11 --------------------------------------------------
-----------------------------------------------------------------------------------------------
all
Some weights of DeiTForImageClassification were not initialized from the model checkpoint at facebook/deit-base-distilled-patch16-224 and are newly initialized: ['classifier.bias', 'classifier.weight']
You should probably TRAIN this model on a down-stream task to be able to use it for predictions and inference.
/home/labsig/anaconda3/envs/WP1/lib/python3.9/site-packages/torch/nn/utils/weight_norm.py:28: UserWarning: torch.nn.utils.weight_norm is deprecated in favor of torch.nn.utils.parametrizations.weight_norm.
  warnings.warn("torch.nn.utils.weight_norm is deprecated in favor of torch.nn.utils.parametrizations.weight_norm.")
/home/labsig/anaconda3/envs/WP1/lib/python3.9/site-packages/torchvision/models/_utils.py:208: UserWarning: The parameter 'pretrained' is deprecated since 0.13 and may be removed in the future, please use 'weights' instead.
  warnings.warn(
/home/labsig/anaconda3/envs/WP1/lib/python3.9/site-packages/torchvision/models/_utils.py:223: UserWarning: Arguments other than a weight enum or `None` for 'weights' are deprecated since 0.13 and may be removed in the future. The current behavior is equivalent to passing `weights=ResNet18_Weights.IMAGENET1K_V1`. You can also use `weights=ResNet18_Weights.DEFAULT` to get the most up-to-date weights.
  warnings.warn(msg)
Some weights of the model checkpoint at owkin/phikon were not used when initializing ViTModel: ['pooler.dense.bias', 'pooler.dense.weight']
- This IS expected if you are initializing ViTModel from the checkpoint of a model trained on another task or with another architecture (e.g. initializing a BertForSequenceClassification model from a BertForPreTraining model).
- This IS NOT expected if you are initializing ViTModel from the checkpoint of a model that you expect to be exactly identical (initializing a BertForSequenceClassification model from a BertForSequenceClassification model).
/home/labsig/anaconda3/envs/WP1/lib/python3.9/site-packages/torch/functional.py:512: UserWarning: torch.meshgrid: in an upcoming release, it will be required to pass the indexing argument. (Triggered internally at ../aten/src/ATen/native/TensorShape.cpp:3587.)
  return _VF.meshgrid(tensors, **kwargs)  # type: ignore[attr-defined]
/home/labsig/Documents/Axelle/cytomine/WP1/database/test_accuracy.py:543: DeprecationWarning: Conversion of an array with ndim > 0 to a scalar is deprecated, and will error in future. Ensure you extract a single element from your array before performing this operation. (Deprecated NumPy 1.25.)
  top_1_acc[0][i], top_5_acc[0][i], top_1_acc[1][i], top_5_acc[1][i], top_1_acc[2][i], top_5_acc[2][i], maj_acc[0][i], maj_acc[1][i], maj_acc[2][i], ts[0][i], ts[1][i], ts[2][i], ts[3][i] =  test(model, model_weight,  dataset, db_name, extractor, protocol, project_name, class_name, False, stat = True)
/home/labsig/Documents/Axelle/cytomine/WP1/database/test_accuracy.py:543: DeprecationWarning: Conversion of an array with ndim > 0 to a scalar is deprecated, and will error in future. Ensure you extract a single element from your array before performing this operation. (Deprecated NumPy 1.25.)
  top_1_acc[0][i], top_5_acc[0][i], top_1_acc[1][i], top_5_acc[1][i], top_1_acc[2][i], top_5_acc[2][i], maj_acc[0][i], maj_acc[1][i], maj_acc[2][i], ts[0][i], ts[1][i], ts[2][i], ts[3][i] =  test(model, model_weight,  dataset, db_name, extractor, protocol, project_name, class_name, False, stat = True)
/home/labsig/Documents/Axelle/cytomine/WP1/database/test_accuracy.py:543: DeprecationWarning: Conversion of an array with ndim > 0 to a scalar is deprecated, and will error in future. Ensure you extract a single element from your array before performing this operation. (Deprecated NumPy 1.25.)
  top_1_acc[0][i], top_5_acc[0][i], top_1_acc[1][i], top_5_acc[1][i], top_1_acc[2][i], top_5_acc[2][i], maj_acc[0][i], maj_acc[1][i], maj_acc[2][i], ts[0][i], ts[1][i], ts[2][i], ts[3][i] =  test(model, model_weight,  dataset, db_name, extractor, protocol, project_name, class_name, False, stat = True)
/home/labsig/Documents/Axelle/cytomine/WP1/database/test_accuracy.py:543: DeprecationWarning: Conversion of an array with ndim > 0 to a scalar is deprecated, and will error in future. Ensure you extract a single element from your array before performing this operation. (Deprecated NumPy 1.25.)
  top_1_acc[0][i], top_5_acc[0][i], top_1_acc[1][i], top_5_acc[1][i], top_1_acc[2][i], top_5_acc[2][i], maj_acc[0][i], maj_acc[1][i], maj_acc[2][i], ts[0][i], ts[1][i], ts[2][i], ts[3][i] =  test(model, model_weight,  dataset, db_name, extractor, protocol, project_name, class_name, False, stat = True)
/home/labsig/Documents/Axelle/cytomine/WP1/database/test_accuracy.py:543: DeprecationWarning: Conversion of an array with ndim > 0 to a scalar is deprecated, and will error in future. Ensure you extract a single element from your array before performing this operation. (Deprecated NumPy 1.25.)
  top_1_acc[0][i], top_5_acc[0][i], top_1_acc[1][i], top_5_acc[1][i], top_1_acc[2][i], top_5_acc[2][i], maj_acc[0][i], maj_acc[1][i], maj_acc[2][i], ts[0][i], ts[1][i], ts[2][i], ts[3][i] =  test(model, model_weight,  dataset, db_name, extractor, protocol, project_name, class_name, False, stat = True)
-----------------------------------------------------------------------------------------------
------------------------------------- Model 12 --------------------------------------------------
-----------------------------------------------------------------------------------------------
all
Some weights of DeiTForImageClassification were not initialized from the model checkpoint at facebook/deit-base-distilled-patch16-224 and are newly initialized: ['classifier.bias', 'classifier.weight']
You should probably TRAIN this model on a down-stream task to be able to use it for predictions and inference.
/home/labsig/anaconda3/envs/WP1/lib/python3.9/site-packages/torch/nn/utils/weight_norm.py:28: UserWarning: torch.nn.utils.weight_norm is deprecated in favor of torch.nn.utils.parametrizations.weight_norm.
  warnings.warn("torch.nn.utils.weight_norm is deprecated in favor of torch.nn.utils.parametrizations.weight_norm.")
/home/labsig/anaconda3/envs/WP1/lib/python3.9/site-packages/torchvision/models/_utils.py:208: UserWarning: The parameter 'pretrained' is deprecated since 0.13 and may be removed in the future, please use 'weights' instead.
  warnings.warn(
/home/labsig/anaconda3/envs/WP1/lib/python3.9/site-packages/torchvision/models/_utils.py:223: UserWarning: Arguments other than a weight enum or `None` for 'weights' are deprecated since 0.13 and may be removed in the future. The current behavior is equivalent to passing `weights=ResNet18_Weights.IMAGENET1K_V1`. You can also use `weights=ResNet18_Weights.DEFAULT` to get the most up-to-date weights.
  warnings.warn(msg)
Some weights of the model checkpoint at owkin/phikon were not used when initializing ViTModel: ['pooler.dense.bias', 'pooler.dense.weight']
- This IS expected if you are initializing ViTModel from the checkpoint of a model trained on another task or with another architecture (e.g. initializing a BertForSequenceClassification model from a BertForPreTraining model).
- This IS NOT expected if you are initializing ViTModel from the checkpoint of a model that you expect to be exactly identical (initializing a BertForSequenceClassification model from a BertForSequenceClassification model).
/home/labsig/anaconda3/envs/WP1/lib/python3.9/site-packages/torch/functional.py:512: UserWarning: torch.meshgrid: in an upcoming release, it will be required to pass the indexing argument. (Triggered internally at ../aten/src/ATen/native/TensorShape.cpp:3587.)
  return _VF.meshgrid(tensors, **kwargs)  # type: ignore[attr-defined]
/home/labsig/Documents/Axelle/cytomine/WP1/database/test_accuracy.py:543: DeprecationWarning: Conversion of an array with ndim > 0 to a scalar is deprecated, and will error in future. Ensure you extract a single element from your array before performing this operation. (Deprecated NumPy 1.25.)
  top_1_acc[0][i], top_5_acc[0][i], top_1_acc[1][i], top_5_acc[1][i], top_1_acc[2][i], top_5_acc[2][i], maj_acc[0][i], maj_acc[1][i], maj_acc[2][i], ts[0][i], ts[1][i], ts[2][i], ts[3][i] =  test(model, model_weight,  dataset, db_name, extractor, protocol, project_name, class_name, False, stat = True)
/home/labsig/Documents/Axelle/cytomine/WP1/database/test_accuracy.py:543: DeprecationWarning: Conversion of an array with ndim > 0 to a scalar is deprecated, and will error in future. Ensure you extract a single element from your array before performing this operation. (Deprecated NumPy 1.25.)
  top_1_acc[0][i], top_5_acc[0][i], top_1_acc[1][i], top_5_acc[1][i], top_1_acc[2][i], top_5_acc[2][i], maj_acc[0][i], maj_acc[1][i], maj_acc[2][i], ts[0][i], ts[1][i], ts[2][i], ts[3][i] =  test(model, model_weight,  dataset, db_name, extractor, protocol, project_name, class_name, False, stat = True)
/home/labsig/Documents/Axelle/cytomine/WP1/database/test_accuracy.py:543: DeprecationWarning: Conversion of an array with ndim > 0 to a scalar is deprecated, and will error in future. Ensure you extract a single element from your array before performing this operation. (Deprecated NumPy 1.25.)
  top_1_acc[0][i], top_5_acc[0][i], top_1_acc[1][i], top_5_acc[1][i], top_1_acc[2][i], top_5_acc[2][i], maj_acc[0][i], maj_acc[1][i], maj_acc[2][i], ts[0][i], ts[1][i], ts[2][i], ts[3][i] =  test(model, model_weight,  dataset, db_name, extractor, protocol, project_name, class_name, False, stat = True)
/home/labsig/Documents/Axelle/cytomine/WP1/database/test_accuracy.py:543: DeprecationWarning: Conversion of an array with ndim > 0 to a scalar is deprecated, and will error in future. Ensure you extract a single element from your array before performing this operation. (Deprecated NumPy 1.25.)
  top_1_acc[0][i], top_5_acc[0][i], top_1_acc[1][i], top_5_acc[1][i], top_1_acc[2][i], top_5_acc[2][i], maj_acc[0][i], maj_acc[1][i], maj_acc[2][i], ts[0][i], ts[1][i], ts[2][i], ts[3][i] =  test(model, model_weight,  dataset, db_name, extractor, protocol, project_name, class_name, False, stat = True)
/home/labsig/Documents/Axelle/cytomine/WP1/database/test_accuracy.py:543: DeprecationWarning: Conversion of an array with ndim > 0 to a scalar is deprecated, and will error in future. Ensure you extract a single element from your array before performing this operation. (Deprecated NumPy 1.25.)
  top_1_acc[0][i], top_5_acc[0][i], top_1_acc[1][i], top_5_acc[1][i], top_1_acc[2][i], top_5_acc[2][i], maj_acc[0][i], maj_acc[1][i], maj_acc[2][i], ts[0][i], ts[1][i], ts[2][i], ts[3][i] =  test(model, model_weight,  dataset, db_name, extractor, protocol, project_name, class_name, False, stat = True)
-----------------------------------------------------------------------------------------------
------------------------------------- Model 13 --------------------------------------------------
-----------------------------------------------------------------------------------------------
all
Some weights of DeiTForImageClassification were not initialized from the model checkpoint at facebook/deit-base-distilled-patch16-224 and are newly initialized: ['classifier.bias', 'classifier.weight']
You should probably TRAIN this model on a down-stream task to be able to use it for predictions and inference.
/home/labsig/anaconda3/envs/WP1/lib/python3.9/site-packages/torch/nn/utils/weight_norm.py:28: UserWarning: torch.nn.utils.weight_norm is deprecated in favor of torch.nn.utils.parametrizations.weight_norm.
  warnings.warn("torch.nn.utils.weight_norm is deprecated in favor of torch.nn.utils.parametrizations.weight_norm.")
/home/labsig/anaconda3/envs/WP1/lib/python3.9/site-packages/torchvision/models/_utils.py:208: UserWarning: The parameter 'pretrained' is deprecated since 0.13 and may be removed in the future, please use 'weights' instead.
  warnings.warn(
/home/labsig/anaconda3/envs/WP1/lib/python3.9/site-packages/torchvision/models/_utils.py:223: UserWarning: Arguments other than a weight enum or `None` for 'weights' are deprecated since 0.13 and may be removed in the future. The current behavior is equivalent to passing `weights=ResNet18_Weights.IMAGENET1K_V1`. You can also use `weights=ResNet18_Weights.DEFAULT` to get the most up-to-date weights.
  warnings.warn(msg)
Some weights of the model checkpoint at owkin/phikon were not used when initializing ViTModel: ['pooler.dense.bias', 'pooler.dense.weight']
- This IS expected if you are initializing ViTModel from the checkpoint of a model trained on another task or with another architecture (e.g. initializing a BertForSequenceClassification model from a BertForPreTraining model).
- This IS NOT expected if you are initializing ViTModel from the checkpoint of a model that you expect to be exactly identical (initializing a BertForSequenceClassification model from a BertForSequenceClassification model).
/home/labsig/anaconda3/envs/WP1/lib/python3.9/site-packages/torch/functional.py:512: UserWarning: torch.meshgrid: in an upcoming release, it will be required to pass the indexing argument. (Triggered internally at ../aten/src/ATen/native/TensorShape.cpp:3587.)
  return _VF.meshgrid(tensors, **kwargs)  # type: ignore[attr-defined]
/home/labsig/Documents/Axelle/cytomine/WP1/database/test_accuracy.py:543: DeprecationWarning: Conversion of an array with ndim > 0 to a scalar is deprecated, and will error in future. Ensure you extract a single element from your array before performing this operation. (Deprecated NumPy 1.25.)
  top_1_acc[0][i], top_5_acc[0][i], top_1_acc[1][i], top_5_acc[1][i], top_1_acc[2][i], top_5_acc[2][i], maj_acc[0][i], maj_acc[1][i], maj_acc[2][i], ts[0][i], ts[1][i], ts[2][i], ts[3][i] =  test(model, model_weight,  dataset, db_name, extractor, protocol, project_name, class_name, False, stat = True)
/home/labsig/Documents/Axelle/cytomine/WP1/database/test_accuracy.py:543: DeprecationWarning: Conversion of an array with ndim > 0 to a scalar is deprecated, and will error in future. Ensure you extract a single element from your array before performing this operation. (Deprecated NumPy 1.25.)
  top_1_acc[0][i], top_5_acc[0][i], top_1_acc[1][i], top_5_acc[1][i], top_1_acc[2][i], top_5_acc[2][i], maj_acc[0][i], maj_acc[1][i], maj_acc[2][i], ts[0][i], ts[1][i], ts[2][i], ts[3][i] =  test(model, model_weight,  dataset, db_name, extractor, protocol, project_name, class_name, False, stat = True)
/home/labsig/Documents/Axelle/cytomine/WP1/database/test_accuracy.py:543: DeprecationWarning: Conversion of an array with ndim > 0 to a scalar is deprecated, and will error in future. Ensure you extract a single element from your array before performing this operation. (Deprecated NumPy 1.25.)
  top_1_acc[0][i], top_5_acc[0][i], top_1_acc[1][i], top_5_acc[1][i], top_1_acc[2][i], top_5_acc[2][i], maj_acc[0][i], maj_acc[1][i], maj_acc[2][i], ts[0][i], ts[1][i], ts[2][i], ts[3][i] =  test(model, model_weight,  dataset, db_name, extractor, protocol, project_name, class_name, False, stat = True)
/home/labsig/Documents/Axelle/cytomine/WP1/database/test_accuracy.py:543: DeprecationWarning: Conversion of an array with ndim > 0 to a scalar is deprecated, and will error in future. Ensure you extract a single element from your array before performing this operation. (Deprecated NumPy 1.25.)
  top_1_acc[0][i], top_5_acc[0][i], top_1_acc[1][i], top_5_acc[1][i], top_1_acc[2][i], top_5_acc[2][i], maj_acc[0][i], maj_acc[1][i], maj_acc[2][i], ts[0][i], ts[1][i], ts[2][i], ts[3][i] =  test(model, model_weight,  dataset, db_name, extractor, protocol, project_name, class_name, False, stat = True)
/home/labsig/Documents/Axelle/cytomine/WP1/database/test_accuracy.py:543: DeprecationWarning: Conversion of an array with ndim > 0 to a scalar is deprecated, and will error in future. Ensure you extract a single element from your array before performing this operation. (Deprecated NumPy 1.25.)
  top_1_acc[0][i], top_5_acc[0][i], top_1_acc[1][i], top_5_acc[1][i], top_1_acc[2][i], top_5_acc[2][i], maj_acc[0][i], maj_acc[1][i], maj_acc[2][i], ts[0][i], ts[1][i], ts[2][i], ts[3][i] =  test(model, model_weight,  dataset, db_name, extractor, protocol, project_name, class_name, False, stat = True)
-----------------------------------------------------------------------------------------------
------------------------------------- Model 14 --------------------------------------------------
-----------------------------------------------------------------------------------------------
all
Some weights of DeiTForImageClassification were not initialized from the model checkpoint at facebook/deit-base-distilled-patch16-224 and are newly initialized: ['classifier.bias', 'classifier.weight']
You should probably TRAIN this model on a down-stream task to be able to use it for predictions and inference.
/home/labsig/anaconda3/envs/WP1/lib/python3.9/site-packages/torch/nn/utils/weight_norm.py:28: UserWarning: torch.nn.utils.weight_norm is deprecated in favor of torch.nn.utils.parametrizations.weight_norm.
  warnings.warn("torch.nn.utils.weight_norm is deprecated in favor of torch.nn.utils.parametrizations.weight_norm.")
/home/labsig/anaconda3/envs/WP1/lib/python3.9/site-packages/torchvision/models/_utils.py:208: UserWarning: The parameter 'pretrained' is deprecated since 0.13 and may be removed in the future, please use 'weights' instead.
  warnings.warn(
/home/labsig/anaconda3/envs/WP1/lib/python3.9/site-packages/torchvision/models/_utils.py:223: UserWarning: Arguments other than a weight enum or `None` for 'weights' are deprecated since 0.13 and may be removed in the future. The current behavior is equivalent to passing `weights=ResNet18_Weights.IMAGENET1K_V1`. You can also use `weights=ResNet18_Weights.DEFAULT` to get the most up-to-date weights.
  warnings.warn(msg)
Some weights of the model checkpoint at owkin/phikon were not used when initializing ViTModel: ['pooler.dense.bias', 'pooler.dense.weight']
- This IS expected if you are initializing ViTModel from the checkpoint of a model trained on another task or with another architecture (e.g. initializing a BertForSequenceClassification model from a BertForPreTraining model).
- This IS NOT expected if you are initializing ViTModel from the checkpoint of a model that you expect to be exactly identical (initializing a BertForSequenceClassification model from a BertForSequenceClassification model).
/home/labsig/anaconda3/envs/WP1/lib/python3.9/site-packages/torch/functional.py:512: UserWarning: torch.meshgrid: in an upcoming release, it will be required to pass the indexing argument. (Triggered internally at ../aten/src/ATen/native/TensorShape.cpp:3587.)
  return _VF.meshgrid(tensors, **kwargs)  # type: ignore[attr-defined]
/home/labsig/Documents/Axelle/cytomine/WP1/database/test_accuracy.py:543: DeprecationWarning: Conversion of an array with ndim > 0 to a scalar is deprecated, and will error in future. Ensure you extract a single element from your array before performing this operation. (Deprecated NumPy 1.25.)
  top_1_acc[0][i], top_5_acc[0][i], top_1_acc[1][i], top_5_acc[1][i], top_1_acc[2][i], top_5_acc[2][i], maj_acc[0][i], maj_acc[1][i], maj_acc[2][i], ts[0][i], ts[1][i], ts[2][i], ts[3][i] =  test(model, model_weight,  dataset, db_name, extractor, protocol, project_name, class_name, False, stat = True)
/home/labsig/Documents/Axelle/cytomine/WP1/database/test_accuracy.py:543: DeprecationWarning: Conversion of an array with ndim > 0 to a scalar is deprecated, and will error in future. Ensure you extract a single element from your array before performing this operation. (Deprecated NumPy 1.25.)
  top_1_acc[0][i], top_5_acc[0][i], top_1_acc[1][i], top_5_acc[1][i], top_1_acc[2][i], top_5_acc[2][i], maj_acc[0][i], maj_acc[1][i], maj_acc[2][i], ts[0][i], ts[1][i], ts[2][i], ts[3][i] =  test(model, model_weight,  dataset, db_name, extractor, protocol, project_name, class_name, False, stat = True)
/home/labsig/Documents/Axelle/cytomine/WP1/database/test_accuracy.py:543: DeprecationWarning: Conversion of an array with ndim > 0 to a scalar is deprecated, and will error in future. Ensure you extract a single element from your array before performing this operation. (Deprecated NumPy 1.25.)
  top_1_acc[0][i], top_5_acc[0][i], top_1_acc[1][i], top_5_acc[1][i], top_1_acc[2][i], top_5_acc[2][i], maj_acc[0][i], maj_acc[1][i], maj_acc[2][i], ts[0][i], ts[1][i], ts[2][i], ts[3][i] =  test(model, model_weight,  dataset, db_name, extractor, protocol, project_name, class_name, False, stat = True)
/home/labsig/Documents/Axelle/cytomine/WP1/database/test_accuracy.py:543: DeprecationWarning: Conversion of an array with ndim > 0 to a scalar is deprecated, and will error in future. Ensure you extract a single element from your array before performing this operation. (Deprecated NumPy 1.25.)
  top_1_acc[0][i], top_5_acc[0][i], top_1_acc[1][i], top_5_acc[1][i], top_1_acc[2][i], top_5_acc[2][i], maj_acc[0][i], maj_acc[1][i], maj_acc[2][i], ts[0][i], ts[1][i], ts[2][i], ts[3][i] =  test(model, model_weight,  dataset, db_name, extractor, protocol, project_name, class_name, False, stat = True)
/home/labsig/Documents/Axelle/cytomine/WP1/database/test_accuracy.py:543: DeprecationWarning: Conversion of an array with ndim > 0 to a scalar is deprecated, and will error in future. Ensure you extract a single element from your array before performing this operation. (Deprecated NumPy 1.25.)
  top_1_acc[0][i], top_5_acc[0][i], top_1_acc[1][i], top_5_acc[1][i], top_1_acc[2][i], top_5_acc[2][i], maj_acc[0][i], maj_acc[1][i], maj_acc[2][i], ts[0][i], ts[1][i], ts[2][i], ts[3][i] =  test(model, model_weight,  dataset, db_name, extractor, protocol, project_name, class_name, False, stat = True)
-----------------------------------------------------------------------------------------------
------------------------------------- Model 15 --------------------------------------------------
-----------------------------------------------------------------------------------------------
all
Some weights of DeiTForImageClassification were not initialized from the model checkpoint at facebook/deit-base-distilled-patch16-224 and are newly initialized: ['classifier.bias', 'classifier.weight']
You should probably TRAIN this model on a down-stream task to be able to use it for predictions and inference.
/home/labsig/anaconda3/envs/WP1/lib/python3.9/site-packages/torch/nn/utils/weight_norm.py:28: UserWarning: torch.nn.utils.weight_norm is deprecated in favor of torch.nn.utils.parametrizations.weight_norm.
  warnings.warn("torch.nn.utils.weight_norm is deprecated in favor of torch.nn.utils.parametrizations.weight_norm.")
/home/labsig/anaconda3/envs/WP1/lib/python3.9/site-packages/torchvision/models/_utils.py:208: UserWarning: The parameter 'pretrained' is deprecated since 0.13 and may be removed in the future, please use 'weights' instead.
  warnings.warn(
/home/labsig/anaconda3/envs/WP1/lib/python3.9/site-packages/torchvision/models/_utils.py:223: UserWarning: Arguments other than a weight enum or `None` for 'weights' are deprecated since 0.13 and may be removed in the future. The current behavior is equivalent to passing `weights=ResNet18_Weights.IMAGENET1K_V1`. You can also use `weights=ResNet18_Weights.DEFAULT` to get the most up-to-date weights.
  warnings.warn(msg)
Some weights of the model checkpoint at owkin/phikon were not used when initializing ViTModel: ['pooler.dense.bias', 'pooler.dense.weight']
- This IS expected if you are initializing ViTModel from the checkpoint of a model trained on another task or with another architecture (e.g. initializing a BertForSequenceClassification model from a BertForPreTraining model).
- This IS NOT expected if you are initializing ViTModel from the checkpoint of a model that you expect to be exactly identical (initializing a BertForSequenceClassification model from a BertForSequenceClassification model).
/home/labsig/anaconda3/envs/WP1/lib/python3.9/site-packages/torch/functional.py:512: UserWarning: torch.meshgrid: in an upcoming release, it will be required to pass the indexing argument. (Triggered internally at ../aten/src/ATen/native/TensorShape.cpp:3587.)
  return _VF.meshgrid(tensors, **kwargs)  # type: ignore[attr-defined]
/home/labsig/anaconda3/envs/WP1/lib/python3.9/site-packages/torch/nn/modules/conv.py:456: UserWarning: Plan failed with a cudnnException: CUDNN_BACKEND_EXECUTION_PLAN_DESCRIPTOR: cudnnFinalize Descriptor Failed cudnn_status: CUDNN_STATUS_NOT_SUPPORTED (Triggered internally at ../aten/src/ATen/native/cudnn/Conv_v8.cpp:919.)
  return F.conv2d(input, weight, bias, self.stride,
/home/labsig/Documents/Axelle/cytomine/WP1/database/test_accuracy.py:543: DeprecationWarning: Conversion of an array with ndim > 0 to a scalar is deprecated, and will error in future. Ensure you extract a single element from your array before performing this operation. (Deprecated NumPy 1.25.)
  top_1_acc[0][i], top_5_acc[0][i], top_1_acc[1][i], top_5_acc[1][i], top_1_acc[2][i], top_5_acc[2][i], maj_acc[0][i], maj_acc[1][i], maj_acc[2][i], ts[0][i], ts[1][i], ts[2][i], ts[3][i] =  test(model, model_weight,  dataset, db_name, extractor, protocol, project_name, class_name, False, stat = True)
/home/labsig/Documents/Axelle/cytomine/WP1/database/test_accuracy.py:543: DeprecationWarning: Conversion of an array with ndim > 0 to a scalar is deprecated, and will error in future. Ensure you extract a single element from your array before performing this operation. (Deprecated NumPy 1.25.)
  top_1_acc[0][i], top_5_acc[0][i], top_1_acc[1][i], top_5_acc[1][i], top_1_acc[2][i], top_5_acc[2][i], maj_acc[0][i], maj_acc[1][i], maj_acc[2][i], ts[0][i], ts[1][i], ts[2][i], ts[3][i] =  test(model, model_weight,  dataset, db_name, extractor, protocol, project_name, class_name, False, stat = True)
/home/labsig/Documents/Axelle/cytomine/WP1/database/test_accuracy.py:543: DeprecationWarning: Conversion of an array with ndim > 0 to a scalar is deprecated, and will error in future. Ensure you extract a single element from your array before performing this operation. (Deprecated NumPy 1.25.)
  top_1_acc[0][i], top_5_acc[0][i], top_1_acc[1][i], top_5_acc[1][i], top_1_acc[2][i], top_5_acc[2][i], maj_acc[0][i], maj_acc[1][i], maj_acc[2][i], ts[0][i], ts[1][i], ts[2][i], ts[3][i] =  test(model, model_weight,  dataset, db_name, extractor, protocol, project_name, class_name, False, stat = True)
/home/labsig/Documents/Axelle/cytomine/WP1/database/test_accuracy.py:543: DeprecationWarning: Conversion of an array with ndim > 0 to a scalar is deprecated, and will error in future. Ensure you extract a single element from your array before performing this operation. (Deprecated NumPy 1.25.)
  top_1_acc[0][i], top_5_acc[0][i], top_1_acc[1][i], top_5_acc[1][i], top_1_acc[2][i], top_5_acc[2][i], maj_acc[0][i], maj_acc[1][i], maj_acc[2][i], ts[0][i], ts[1][i], ts[2][i], ts[3][i] =  test(model, model_weight,  dataset, db_name, extractor, protocol, project_name, class_name, False, stat = True)
